[     404ms] [LOG] [Admin AppInitializer] Cargando usuario... @ http://localhost:4201/main.js:280
[     406ms] [LOG] [SessionGuardian] 🛡️ Inicializando protección de sesión... {inactivityRefreshMinutes: 5, inactivityExpiredMinutes: 30, heartbeatIntervalMinutes: 0, debug: true} @ http://localhost:4201/chunk-INYB5CBE.js:817
[     408ms] [LOG] [SessionGuardian] 📡 Listener de visibilitychange configurado @ http://localhost:4201/chunk-INYB5CBE.js:817
[     408ms] [LOG] [SessionGuardian] 📡 Listener de focus configurado @ http://localhost:4201/chunk-INYB5CBE.js:817
[     408ms] [LOG] [SessionGuardian] ✅ Guardian inicializado correctamente @ http://localhost:4201/chunk-INYB5CBE.js:817
[     418ms] [ERROR] Failed to load resource: the server responded with a status of 401 (Unauthorized) @ http://localhost:3000/api/bff/auth/me:0
[     420ms] [WARNING] [GlobalErrorInterceptor] Unrecoverable 401 — clearing session and redirecting to BFF login http://localhost:3000/api/bff/auth/me @ http://localhost:4201/chunk-INYB5CBE.js:860
[     421ms] [WARNING] [Admin AppInitializer] No se pudo cargar el usuario: no elements in sequence @ http://localhost:4201/main.js:286
[     433ms] [LOG] Auto-expansión inicial completada: [] @ http://localhost:4201/main.js:2562
[     443ms] [LOG] Angular is running in development mode. @ http://localhost:4201/@fs/Users/rogerpugaruiz/Proyectos/guiders-frontend/.angular/cache/20.1.6/admin/vite/deps/chunk-BTKBG5QR.js?v=0babc1ea:11725
[     464ms] [ERROR] Failed to load resource: the server responded with a status of 401 (Unauthorized) @ http://localhost:3000/api/bff/auth/me:0
[     466ms] [ERROR] ERROR EmptyErrorImpl @ http://localhost:4201/@fs/Users/rogerpugaruiz/Proyectos/guiders-frontend/.angular/cache/20.1.6/admin/vite/deps/chunk-SQKFPHLX.js?v=0babc1ea:2623
[     948ms] [LOG] [SessionGuardian] 👁️ Página oculta @ http://localhost:4201/chunk-INYB5CBE.js:817
[    4468ms] [LOG] [UnreadMessagesService] 🚀 === SERVICIO INICIALIZADO === @ http://localhost:4200/chunk-72XKYZD5.js:1563
[    4468ms] [LOG] [UnreadMessagesService] 📋 BaseUrl: http://localhost:3000/api/v2 @ http://localhost:4200/chunk-72XKYZD5.js:1564
[    4468ms] [LOG] [UnreadMessagesService] 🎧 Inicializando listeners de WebSocket @ http://localhost:4200/chunk-72XKYZD5.js:1840
[    4472ms] [LOG] [UnreadMessagesService] Estado de notificaciones: deshabilitadas @ http://localhost:4200/chunk-72XKYZD5.js:2049
[    4472ms] [LOG] [UnreadMessagesService] 🔔 Sonido de notificación configurado (lazy) @ http://localhost:4200/chunk-72XKYZD5.js:2001
[    4472ms] [LOG] [UnreadMessagesService] 🎧 Listeners de gesto de usuario configurados para reanudar audio @ http://localhost:4200/chunk-72XKYZD5.js:2299
[    4472ms] [LOG] [ChatService] Usuario actual inicializado desde UserService: null @ http://localhost:4200/chunk-72XKYZD5.js:44
[    4472ms] [LOG] [WebSocket] Conectando a: http://localhost:3000 path: /socket.io/ @ http://localhost:4200/chunk-L2HFCWZ5.js:68
[    4475ms] [LOG] [WebSocket] 📡 Registrando listener para evento: "chat:escalation-requested" @ http://localhost:4200/chunk-L2HFCWZ5.js:494
[    4475ms] [LOG] [WebSocket] ✅ Listener registrado para: "chat:escalation-requested" @ http://localhost:4200/chunk-L2HFCWZ5.js:496
[    4476ms] [LOG] [AppInitializer] 🚀 Cargando usuario... @ http://localhost:4200/main.js:322
[    4479ms] [LOG] [SessionGuardian] 🛡️ Inicializando protección de sesión... {inactivityRefreshMinutes: 5, inactivityExpiredMinutes: 30, heartbeatIntervalMinutes: 0, debug: true} @ http://localhost:4200/chunk-724AR4ZW.js:817
[    4480ms] [LOG] [SessionGuardian] 📡 Listener de visibilitychange configurado @ http://localhost:4200/chunk-724AR4ZW.js:817
[    4480ms] [LOG] [SessionGuardian] 📡 Listener de focus configurado @ http://localhost:4200/chunk-724AR4ZW.js:817
[    4480ms] [LOG] [SessionGuardian] ✅ Guardian inicializado correctamente @ http://localhost:4200/chunk-724AR4ZW.js:817
[    4499ms] [LOG] ✅ [WebSocket] Conectado - Socket ID: h8qD9GDpOidG3kxKAAE_ @ http://localhost:4200/chunk-L2HFCWZ5.js:318
[    4499ms] [LOG] ✅ [WebSocket] Listener onAny configurado para detectar TODOS los eventos @ http://localhost:4200/chunk-L2HFCWZ5.js:339
[    4500ms] [LOG] [WebSocket] No hay salas para reconectar @ http://localhost:4200/chunk-L2HFCWZ5.js:439
[    4503ms] [LOG] 🔍 [WebSocket onAny] Evento: "welcome" [Object] @ http://localhost:4200/chunk-L2HFCWZ5.js:327
[    4503ms] [LOG] 👋 [WebSocket] Bienvenida: Conectado exitosamente al servidor WebSocket @ http://localhost:4200/chunk-L2HFCWZ5.js:347
[    4503ms] [LOG] 🆔 [WebSocket] Client ID: h8qD9GDpOidG3kxKAAE_ @ http://localhost:4200/chunk-L2HFCWZ5.js:348
[    4548ms] [LOG] User fetched and stored: {sub: 840f521f-5cf6-4eff-b33d-bf5b29bb9bd2, email: adminwp@test.com, roles: Array(1), companyId: e7f55515-a427-46ed-932e-662fe7effc40, app: console} @ http://localhost:4200/chunk-724AR4ZW.js:194
[    4549ms] [LOG] [AppInitializer] ✅ Usuario cargado: 840f521f-5cf6-4eff-b33d-bf5b29bb9bd2 @ http://localhost:4200/main.js:325
[    4549ms] [LOG] [AppInitializer] 📨 Configurando UnreadMessagesService con usuario: 840f521f-5cf6-4eff-b33d-bf5b29bb9bd2 @ http://localhost:4200/main.js:326
[    4549ms] [LOG] [AppInitializer] 🔌 Conectando comercial... @ http://localhost:4200/main.js:329
[    4585ms] [LOG] 📤 Request: {endpoint: http://localhost:3000/api/v2/commercials/connect, method: POST, commercialId: 840f521f-5cf6-4eff-b33d-bf5b29bb9bd2, commercialName: adminwp@test.com, metadata: Object} @ http://localhost:4200/chunk-4QAV5XPZ.js:85
[    4633ms] [LOG] [CommercialPresenceService] 🔄 Petición enviada, esperando respuesta... @ http://localhost:4200/chunk-4QAV5XPZ.js:96
[    4633ms] [LOG] Response: {success: true, message: Comercial conectado exitosamente, commercial: Object} @ http://localhost:4200/chunk-4QAV5XPZ.js:99
[    4634ms] [LOG] [CommercialPresenceService] 📡 Listeners de actividad WebSocket habilitados @ http://localhost:4200/chunk-4QAV5XPZ.js:433
[    4634ms] [LOG] 🆔 Commercial ID: 840f521f-5cf6-4eff-b33d-bf5b29bb9bd2 @ http://localhost:4200/chunk-4QAV5XPZ.js:114
[    4634ms] [LOG] 👤 Nombre: adminwp@test.com @ http://localhost:4200/chunk-4QAV5XPZ.js:115
[    4634ms] [LOG] 🟢 Estado: CONNECTED @ http://localhost:4200/chunk-4QAV5XPZ.js:116
[    4634ms] [LOG] ⏰ Última actividad: 2026-05-16T17:45:40.971Z @ http://localhost:4200/chunk-4QAV5XPZ.js:117
[    4634ms] [LOG] 📊 Está activo: true @ http://localhost:4200/chunk-4QAV5XPZ.js:118
[    4634ms] [LOG] 🕐 Hora de conexión: 2026-05-16T17:45:40.973Z @ http://localhost:4200/chunk-4QAV5XPZ.js:119
[    4634ms] [LOG] [AppInitializer] ✅ Comercial conectado: 840f521f-5cf6-4eff-b33d-bf5b29bb9bd2 @ http://localhost:4200/main.js:332
[    4634ms] [LOG] [AppInitializer] 📊 Iniciando polling de estado... @ http://localhost:4200/main.js:333
[    4634ms] [LOG] [CommercialStatusService] 🔄 Iniciando polling para comercial: 840f521f-5cf6-4eff-b33d-bf5b29bb9bd2 @ http://localhost:4200/main.js:152
[    4635ms] [LOG] [CommercialStatusService] ✅ Polling iniciado @ http://localhost:4200/main.js:184
[    4635ms] [LOG] [AppInitializer] 🔄 Habilitando reconexión automática... @ http://localhost:4200/main.js:335
[    4635ms] [LOG] [CommercialPresenceService] 👂 Listeners de actividad configurados: click, scroll, keydown, mousemove, touchstart @ http://localhost:4200/chunk-4QAV5XPZ.js:351
[    4635ms] [LOG] [CommercialPresenceService] 🔄 Reconexión automática por actividad habilitada @ http://localhost:4200/chunk-4QAV5XPZ.js:317
[    4635ms] [LOG] [AppInitializer] 🌐 Conectando WebSocket... @ http://localhost:4200/main.js:337
[    4635ms] [WARNING] [WebSocket] Ya conectado @ http://localhost:4200/chunk-L2HFCWZ5.js:47
[    4647ms] [LOG] [CommercialStatusService] 📊 Estado actualizado: {previousStatus: null, newStatus: online, payloadCompleto: Object, isActive: true, lastActivity: 2026-05-16T17:45:40.967Z} @ http://localhost:4200/main.js:240
[    4736ms] [LOG] [AppInitializer] ✅ WebSocket conectado @ http://localhost:4200/main.js:353
[    4736ms] [LOG] [AppInitializer] 🚨 Servicio de Escalaciones inicializado y escuchando eventos {escalationCount: 0} @ http://localhost:4200/main.js:354
[    4736ms] [LOG] [AppInitializer] 📋 Usuario completo: {sub: 840f521f-5cf6-4eff-b33d-bf5b29bb9bd2, email: adminwp@test.com, roles: Array(1), companyId: e7f55515-a427-46ed-932e-662fe7effc40, app: console} @ http://localhost:4200/main.js:357
[    4736ms] [LOG] ═══════════════════════════════════════════════════════════ @ http://localhost:4200/main.js:364
[    4736ms] [LOG] 🚀 [AppInitializer] NUEVA ARQUITECTURA DE PRESENCIA @ http://localhost:4200/main.js:365
[    4736ms] [LOG] ═══════════════════════════════════════════════════════════ @ http://localhost:4200/main.js:366
[    4736ms] [LOG] ℹ️  Ya NO se une a sala de tenant (tenant:companyId) @ http://localhost:4200/main.js:367
[    4736ms] [LOG] ℹ️  El comercial SOLO recibe eventos presence:changed de: @ http://localhost:4200/main.js:368
[    4736ms] [LOG]    1️⃣  Visitantes con los que tiene chats activos @ http://localhost:4200/main.js:369
[    4736ms] [LOG]    2️⃣  Sus propios cambios de presencia @ http://localhost:4200/main.js:370
[    4736ms] [LOG] ℹ️  El filtrado lo hace el backend automáticamente @ http://localhost:4200/main.js:371
[    4736ms] [LOG] ═══════════════════════════════════════════════════════════ @ http://localhost:4200/main.js:372
[    4736ms] [LOG]  @ http://localhost:4200/main.js:373
[    4736ms] [LOG] 📡 [AppInitializer] Uniéndose a sala de presencia personal... @ http://localhost:4200/main.js:374
[    4737ms] [LOG]    👤 Commercial ID: 840f521f-5cf6-4eff-b33d-bf5b29bb9bd2 @ http://localhost:4200/main.js:375
[    4737ms] [LOG]    🏷️  User Type: commercial @ http://localhost:4200/main.js:376
[    4737ms] [LOG]    🚪 Room ID: commercial:840f521f-5cf6-4eff-b33d-bf5b29bb9bd2 @ http://localhost:4200/main.js:377
[    4737ms] [LOG]  @ http://localhost:4200/main.js:378
[    4737ms] [LOG] ═══════════════════════════════════════════════════════════ @ http://localhost:4200/chunk-L2HFCWZ5.js:226
[    4737ms] [LOG] 📡 [WebSocket] UNIÉNDOSE A SALA DE PRESENCIA @ http://localhost:4200/chunk-L2HFCWZ5.js:227
[    4737ms] [LOG] ═══════════════════════════════════════════════════════════ @ http://localhost:4200/chunk-L2HFCWZ5.js:228
[    4737ms] [LOG]    👤 User ID: 840f521f-5cf6-4eff-b33d-bf5b29bb9bd2 @ http://localhost:4200/chunk-L2HFCWZ5.js:229
[    4737ms] [LOG]    🏷️  User Type: commercial @ http://localhost:4200/chunk-L2HFCWZ5.js:230
[    4737ms] [LOG]    🚪 Room ID: commercial:840f521f-5cf6-4eff-b33d-bf5b29bb9bd2 @ http://localhost:4200/chunk-L2HFCWZ5.js:231
[    4737ms] [LOG]    🔌 Socket Connected: true @ http://localhost:4200/chunk-L2HFCWZ5.js:232
[    4737ms] [LOG]    🆔 Socket ID: h8qD9GDpOidG3kxKAAE_ @ http://localhost:4200/chunk-L2HFCWZ5.js:233
[    4737ms] [LOG] ═══════════════════════════════════════════════════════════ @ http://localhost:4200/chunk-L2HFCWZ5.js:234
[    4737ms] [LOG] ✅ [WebSocket] Evento presence:join emitido @ http://localhost:4200/chunk-L2HFCWZ5.js:239
[    4737ms] [LOG] 📋 [WebSocket] Salas actuales: [commercial:840f521f-5cf6-4eff-b33d-bf5b29bb9bd2] @ http://localhost:4200/chunk-L2HFCWZ5.js:240
[    4737ms] [LOG] ═══════════════════════════════════════════════════════════ @ http://localhost:4200/chunk-L2HFCWZ5.js:241
[    4737ms] [LOG]  @ http://localhost:4200/main.js:380
[    4737ms] [LOG] ✅ [AppInitializer] Proceso de unión a sala de presencia completado @ http://localhost:4200/main.js:381
[    4737ms] [LOG] 🔔 [AppInitializer] Ahora recibirás eventos presence:changed filtrados @ http://localhost:4200/main.js:382
[    4737ms] [LOG] ═══════════════════════════════════════════════════════════ @ http://localhost:4200/main.js:383
[    4737ms] [LOG]  @ http://localhost:4200/main.js:384
[    4737ms] [LOG] ═══════════════════════════════════════════════════════════ @ http://localhost:4200/main.js:388
[    4737ms] [LOG] 📨 [AppInitializer] INICIALIZAR NOTIFICACIONES GLOBALES @ http://localhost:4200/main.js:389
[    4737ms] [LOG] ═══════════════════════════════════════════════════════════ @ http://localhost:4200/main.js:390
[    4737ms] [LOG] 📥 [AppInitializer] Cargando chats del comercial... @ http://localhost:4200/main.js:391
[    4739ms] [LOG] 🔍 [WebSocket onAny] Evento: "presence:joined" [Object] @ http://localhost:4200/chunk-L2HFCWZ5.js:327
[    4739ms] [LOG] ═══════════════════════════════════════════════════════════ @ http://localhost:4200/chunk-L2HFCWZ5.js:352
[    4739ms] [LOG] ✅ [WebSocket] CONFIRMACIÓN: UNIDO A SALA DE PRESENCIA @ http://localhost:4200/chunk-L2HFCWZ5.js:353
[    4739ms] [LOG] ═══════════════════════════════════════════════════════════ @ http://localhost:4200/chunk-L2HFCWZ5.js:354
[    4739ms] [LOG]    📋 Datos: {userId: 840f521f-5cf6-4eff-b33d-bf5b29bb9bd2, userType: commercial, roomName: commercial:840f521f-5cf6-4eff-b33d-bf5b29bb9bd2, timestamp: 1778953541078} @ http://localhost:4200/chunk-L2HFCWZ5.js:355
[    4739ms] [LOG]    🚪 Room: commercial:840f521f-5cf6-4eff-b33d-bf5b29bb9bd2 @ http://localhost:4200/chunk-L2HFCWZ5.js:356
[    4739ms] [LOG]    👤 User ID: 840f521f-5cf6-4eff-b33d-bf5b29bb9bd2 @ http://localhost:4200/chunk-L2HFCWZ5.js:357
[    4739ms] [LOG]    🏷️  User Type: commercial @ http://localhost:4200/chunk-L2HFCWZ5.js:358
[    4740ms] [LOG]    🕐 Timestamp: 16/5/2026, 19:45:41 @ http://localhost:4200/chunk-L2HFCWZ5.js:359
[    4740ms] [LOG] ═══════════════════════════════════════════════════════════ @ http://localhost:4200/chunk-L2HFCWZ5.js:360
[    4766ms] [LOG] ✅ [AppInitializer] 9 chats cargados @ http://localhost:4200/main.js:394
[    4766ms] [LOG] 📡 [AppInitializer] Uniéndose a 9 salas de chat... @ http://localhost:4200/main.js:397
[    4766ms] [LOG] ═══════════════════════════════════════════════════════════ @ http://localhost:4200/chunk-L2HFCWZ5.js:132
[    4766ms] [LOG] 💬 [WebSocket] UNIÉNDOSE A 9 SALAS DE CHAT @ http://localhost:4200/chunk-L2HFCWZ5.js:133
[    4766ms] [LOG] ═══════════════════════════════════════════════════════════ @ http://localhost:4200/chunk-L2HFCWZ5.js:134
[    4766ms] [LOG] 📋 Lista de Chat IDs: @ http://localhost:4200/chunk-L2HFCWZ5.js:135
[    4766ms] [LOG]    1. chat:9aa3ae2d-3e70-4313-83f9-be346f6d6bbc @ http://localhost:4200/chunk-L2HFCWZ5.js:137
[    4766ms] [LOG]    2. chat:060bbed3-5fe1-42f5-acdf-93e4b9b7a0cc @ http://localhost:4200/chunk-L2HFCWZ5.js:137
[    4766ms] [LOG]    3. chat:c0b02f3e-e8ef-4244-bf02-f27e482d0dab @ http://localhost:4200/chunk-L2HFCWZ5.js:137
[    4766ms] [LOG]    4. chat:6e6e5021-e508-40e7-b550-6ece7c289073 @ http://localhost:4200/chunk-L2HFCWZ5.js:137
[    4766ms] [LOG]    5. chat:20ca8af2-0e17-4041-a2a5-9e72db274a00 @ http://localhost:4200/chunk-L2HFCWZ5.js:137
[    4766ms] [LOG]    6. chat:e32e80b7-52b4-41e3-8653-800a529fb849 @ http://localhost:4200/chunk-L2HFCWZ5.js:137
[    4766ms] [LOG]    7. chat:7b6e8d17-e95e-4238-908c-181d7e014d03 @ http://localhost:4200/chunk-L2HFCWZ5.js:137
[    4766ms] [LOG]    8. chat:f630dcc2-1845-4d56-9ba8-5a9e888e1328 @ http://localhost:4200/chunk-L2HFCWZ5.js:137
[    4766ms] [LOG]    9. chat:8249623b-cf03-44c2-8cd1-17d3f79843f2 @ http://localhost:4200/chunk-L2HFCWZ5.js:137
[    4766ms] [LOG] ═══════════════════════════════════════════════════════════ @ http://localhost:4200/chunk-L2HFCWZ5.js:139
[    4767ms] [LOG] ✅ [WebSocket] Suscrito a 9 chats para notificaciones en tiempo real @ http://localhost:4200/chunk-L2HFCWZ5.js:148
[    4767ms] [LOG] ═══════════════════════════════════════════════════════════ @ http://localhost:4200/chunk-L2HFCWZ5.js:149
[    4767ms] [LOG] ✅ [AppInitializer] Suscrito a 9 chats para notificaciones en tiempo real @ http://localhost:4200/main.js:399
[    4767ms] [LOG] 🔄 [AppInitializer] Refrescando contadores de mensajes no leídos... @ http://localhost:4200/main.js:400
[    4767ms] [LOG] [UnreadMessagesService] 🔄 Refrescando contadores para 9 chats @ http://localhost:4200/chunk-72XKYZD5.js:1776
[    4767ms] [LOG] [UnreadMessagesService] 📋 Chat activo actual: null @ http://localhost:4200/chunk-72XKYZD5.js:1777
[    4767ms] [LOG] [UnreadMessagesService] 🔄 Refrescando contador para chat: 9aa3ae2d-3e70-4313-83f9-be346f6d6bbc @ http://localhost:4200/chunk-72XKYZD5.js:1783
[    4767ms] [LOG] [UnreadMessagesService] 🌐 === LLAMANDO GET /v2/messages/chat/9aa3ae2d-3e70-4313-83f9-be346f6d6bbc/unread === @ http://localhost:4200/chunk-72XKYZD5.js:1725
[    4767ms] [LOG] [UnreadMessagesService] 📋 URL completa: http://localhost:3000/api/v2/messages/chat/9aa3ae2d-3e70-4313-83f9-be346f6d6bbc/unread @ http://localhost:4200/chunk-72XKYZD5.js:1729
[    4770ms] [LOG] [UnreadMessagesService] 🔄 Refrescando contador para chat: 060bbed3-5fe1-42f5-acdf-93e4b9b7a0cc @ http://localhost:4200/chunk-72XKYZD5.js:1783
[    4770ms] [LOG] [UnreadMessagesService] 🌐 === LLAMANDO GET /v2/messages/chat/060bbed3-5fe1-42f5-acdf-93e4b9b7a0cc/unread === @ http://localhost:4200/chunk-72XKYZD5.js:1725
[    4770ms] [LOG] [UnreadMessagesService] 📋 URL completa: http://localhost:3000/api/v2/messages/chat/060bbed3-5fe1-42f5-acdf-93e4b9b7a0cc/unread @ http://localhost:4200/chunk-72XKYZD5.js:1729
[    4770ms] [LOG] [UnreadMessagesService] 🔄 Refrescando contador para chat: c0b02f3e-e8ef-4244-bf02-f27e482d0dab @ http://localhost:4200/chunk-72XKYZD5.js:1783
[    4771ms] [LOG] [UnreadMessagesService] 🌐 === LLAMANDO GET /v2/messages/chat/c0b02f3e-e8ef-4244-bf02-f27e482d0dab/unread === @ http://localhost:4200/chunk-72XKYZD5.js:1725
[    4771ms] [LOG] [UnreadMessagesService] 📋 URL completa: http://localhost:3000/api/v2/messages/chat/c0b02f3e-e8ef-4244-bf02-f27e482d0dab/unread @ http://localhost:4200/chunk-72XKYZD5.js:1729
[    4771ms] [LOG] [UnreadMessagesService] 🔄 Refrescando contador para chat: 6e6e5021-e508-40e7-b550-6ece7c289073 @ http://localhost:4200/chunk-72XKYZD5.js:1783
[    4771ms] [LOG] [UnreadMessagesService] 🌐 === LLAMANDO GET /v2/messages/chat/6e6e5021-e508-40e7-b550-6ece7c289073/unread === @ http://localhost:4200/chunk-72XKYZD5.js:1725
[    4771ms] [LOG] [UnreadMessagesService] 📋 URL completa: http://localhost:3000/api/v2/messages/chat/6e6e5021-e508-40e7-b550-6ece7c289073/unread @ http://localhost:4200/chunk-72XKYZD5.js:1729
[    4771ms] [LOG] [UnreadMessagesService] 🔄 Refrescando contador para chat: 20ca8af2-0e17-4041-a2a5-9e72db274a00 @ http://localhost:4200/chunk-72XKYZD5.js:1783
[    4771ms] [LOG] [UnreadMessagesService] 🌐 === LLAMANDO GET /v2/messages/chat/20ca8af2-0e17-4041-a2a5-9e72db274a00/unread === @ http://localhost:4200/chunk-72XKYZD5.js:1725
[    4771ms] [LOG] [UnreadMessagesService] 📋 URL completa: http://localhost:3000/api/v2/messages/chat/20ca8af2-0e17-4041-a2a5-9e72db274a00/unread @ http://localhost:4200/chunk-72XKYZD5.js:1729
[    4771ms] [LOG] [UnreadMessagesService] 🔄 Refrescando contador para chat: e32e80b7-52b4-41e3-8653-800a529fb849 @ http://localhost:4200/chunk-72XKYZD5.js:1783
[    4771ms] [LOG] [UnreadMessagesService] 🌐 === LLAMANDO GET /v2/messages/chat/e32e80b7-52b4-41e3-8653-800a529fb849/unread === @ http://localhost:4200/chunk-72XKYZD5.js:1725
[    4772ms] [LOG] [UnreadMessagesService] 📋 URL completa: http://localhost:3000/api/v2/messages/chat/e32e80b7-52b4-41e3-8653-800a529fb849/unread @ http://localhost:4200/chunk-72XKYZD5.js:1729
[    4772ms] [LOG] [UnreadMessagesService] 🔄 Refrescando contador para chat: 7b6e8d17-e95e-4238-908c-181d7e014d03 @ http://localhost:4200/chunk-72XKYZD5.js:1783
[    4772ms] [LOG] [UnreadMessagesService] 🌐 === LLAMANDO GET /v2/messages/chat/7b6e8d17-e95e-4238-908c-181d7e014d03/unread === @ http://localhost:4200/chunk-72XKYZD5.js:1725
[    4772ms] [LOG] [UnreadMessagesService] 📋 URL completa: http://localhost:3000/api/v2/messages/chat/7b6e8d17-e95e-4238-908c-181d7e014d03/unread @ http://localhost:4200/chunk-72XKYZD5.js:1729
[    4772ms] [LOG] [UnreadMessagesService] 🔄 Refrescando contador para chat: f630dcc2-1845-4d56-9ba8-5a9e888e1328 @ http://localhost:4200/chunk-72XKYZD5.js:1783
[    4772ms] [LOG] [UnreadMessagesService] 🌐 === LLAMANDO GET /v2/messages/chat/f630dcc2-1845-4d56-9ba8-5a9e888e1328/unread === @ http://localhost:4200/chunk-72XKYZD5.js:1725
[    4772ms] [LOG] [UnreadMessagesService] 📋 URL completa: http://localhost:3000/api/v2/messages/chat/f630dcc2-1845-4d56-9ba8-5a9e888e1328/unread @ http://localhost:4200/chunk-72XKYZD5.js:1729
[    4772ms] [LOG] [UnreadMessagesService] 🔄 Refrescando contador para chat: 8249623b-cf03-44c2-8cd1-17d3f79843f2 @ http://localhost:4200/chunk-72XKYZD5.js:1783
[    4772ms] [LOG] [UnreadMessagesService] 🌐 === LLAMANDO GET /v2/messages/chat/8249623b-cf03-44c2-8cd1-17d3f79843f2/unread === @ http://localhost:4200/chunk-72XKYZD5.js:1725
[    4772ms] [LOG] [UnreadMessagesService] 📋 URL completa: http://localhost:3000/api/v2/messages/chat/8249623b-cf03-44c2-8cd1-17d3f79843f2/unread @ http://localhost:4200/chunk-72XKYZD5.js:1729
[    4773ms] [LOG] ✅ [AppInitializer] Contadores de mensajes no leídos inicializados @ http://localhost:4200/main.js:402
[    4773ms] [LOG] ═══════════════════════════════════════════════════════════ @ http://localhost:4200/main.js:406
[    4773ms] [LOG] ✅ [AppInitializer] Notificaciones globales inicializadas @ http://localhost:4200/main.js:407
[    4773ms] [LOG] 🔔 [AppInitializer] Badge y notificaciones funcionarán en todas las rutas @ http://localhost:4200/main.js:408
[    4773ms] [LOG] ═══════════════════════════════════════════════════════════ @ http://localhost:4200/main.js:409
[    4773ms] [LOG]  @ http://localhost:4200/main.js:410
[    4783ms] [LOG] ═══════════════════════════════════════════════════════════ @ http://localhost:4200/chunk-72XKYZD5.js:2449
[    4783ms] [LOG] [PresenceService] 🎧 Configurando listeners de WebSocket @ http://localhost:4200/chunk-72XKYZD5.js:2450
[    4783ms] [LOG] ═══════════════════════════════════════════════════════════ @ http://localhost:4200/chunk-72XKYZD5.js:2451
[    4783ms] [LOG]    🔌 WebSocket conectado: true @ http://localhost:4200/chunk-72XKYZD5.js:2452
[    4783ms] [LOG]    🆔 Socket ID: h8qD9GDpOidG3kxKAAE_ @ http://localhost:4200/chunk-72XKYZD5.js:2453
[    4783ms] [LOG] ═══════════════════════════════════════════════════════════ @ http://localhost:4200/chunk-72XKYZD5.js:2454
[    4783ms] [LOG] [WebSocket] 📡 Registrando listener para evento: "presence:changed" @ http://localhost:4200/chunk-L2HFCWZ5.js:494
[    4784ms] [LOG] [WebSocket] ✅ Listener registrado para: "presence:changed" @ http://localhost:4200/chunk-L2HFCWZ5.js:496
[    4784ms] [LOG] [WebSocket] 📡 Registrando listener para evento: "typing:start" @ http://localhost:4200/chunk-L2HFCWZ5.js:494
[    4784ms] [LOG] [WebSocket] ✅ Listener registrado para: "typing:start" @ http://localhost:4200/chunk-L2HFCWZ5.js:496
[    4784ms] [LOG] [WebSocket] 📡 Registrando listener para evento: "typing:stop" @ http://localhost:4200/chunk-L2HFCWZ5.js:494
[    4784ms] [LOG] [WebSocket] ✅ Listener registrado para: "typing:stop" @ http://localhost:4200/chunk-L2HFCWZ5.js:496
[    4784ms] [LOG] [PresenceService] ✅ Listeners configurados: presence:changed, typing:start, typing:stop @ http://localhost:4200/chunk-72XKYZD5.js:2483
[    4787ms] [LOG] [ChatWidget] Estado actualizado: {visitor: null, chatId: null, state: closed, tabs: Array(0), activeTabIndex: 0} @ http://localhost:4200/main.js:3359
[    4788ms] [LOG] [ChatWidget] 🎧 Suscribiéndose a cambios de presencia... @ http://localhost:4200/main.js:3428
[    4789ms] [LOG] [ChatWidget] ✅ Suscripción a cambios de presencia configurada @ http://localhost:4200/main.js:3448
[    4789ms] [LOG] Auto-expansión inicial completada: [] @ http://localhost:4200/main.js:1654
[    4801ms] [LOG] Angular is running in development mode. @ http://localhost:4200/@fs/Users/rogerpugaruiz/Proyectos/guiders-frontend/.angular/cache/20.1.6/console/vite/deps/chunk-BTKBG5QR.js?v=bc67a7f9:11725
[    4826ms] [LOG] 🔍 [WebSocket onAny] Evento: "chat:joined" [Object] @ http://localhost:4200/chunk-L2HFCWZ5.js:327
[    4826ms] [LOG] [UnreadMessagesService] 📥 Respuesta del servidor: [] @ http://localhost:4200/chunk-72XKYZD5.js:1731
[    4826ms] [LOG] [UnreadMessagesService] 📊 Total de mensajes no leídos: 0 @ http://localhost:4200/chunk-72XKYZD5.js:1732
[    4826ms] [LOG] [UnreadMessagesService] 🔄 Mensajes transformados: 0 @ http://localhost:4200/chunk-72XKYZD5.js:1738
[    4827ms] [LOG] [UnreadMessagesService] ✅ getUnreadMessages completado @ http://localhost:4200/chunk-72XKYZD5.js:1741
[    4827ms] [LOG] 🔍 [WebSocket onAny] Evento: "chat:joined" [Object] @ http://localhost:4200/chunk-L2HFCWZ5.js:327
[    4827ms] [LOG] 🔍 [WebSocket onAny] Evento: "chat:joined" [Object] @ http://localhost:4200/chunk-L2HFCWZ5.js:327
[    4827ms] [LOG] 🔍 [WebSocket onAny] Evento: "chat:joined" [Object] @ http://localhost:4200/chunk-L2HFCWZ5.js:327
[    4828ms] [LOG] 🔍 [WebSocket onAny] Evento: "chat:joined" [Object] @ http://localhost:4200/chunk-L2HFCWZ5.js:327
[    4828ms] [LOG] 🔍 [WebSocket onAny] Evento: "chat:joined" [Object] @ http://localhost:4200/chunk-L2HFCWZ5.js:327
[    4828ms] [LOG] 🔍 [WebSocket onAny] Evento: "chat:joined" [Object] @ http://localhost:4200/chunk-L2HFCWZ5.js:327
[    4828ms] [LOG] 🔍 [WebSocket onAny] Evento: "chat:joined" [Object] @ http://localhost:4200/chunk-L2HFCWZ5.js:327
[    4828ms] [LOG] 🔍 [WebSocket onAny] Evento: "chat:joined" [Object] @ http://localhost:4200/chunk-L2HFCWZ5.js:327
[    4838ms] [LOG] [UnreadMessagesService] 📥 Respuesta del servidor: [] @ http://localhost:4200/chunk-72XKYZD5.js:1731
[    4838ms] [LOG] [UnreadMessagesService] 📊 Total de mensajes no leídos: 0 @ http://localhost:4200/chunk-72XKYZD5.js:1732
[    4838ms] [LOG] [UnreadMessagesService] 🔄 Mensajes transformados: 0 @ http://localhost:4200/chunk-72XKYZD5.js:1738
[    4838ms] [LOG] [UnreadMessagesService] ✅ getUnreadMessages completado @ http://localhost:4200/chunk-72XKYZD5.js:1741
[    4843ms] [LOG] [UnreadMessagesService] 📥 Respuesta del servidor: [] @ http://localhost:4200/chunk-72XKYZD5.js:1731
[    4843ms] [LOG] [UnreadMessagesService] 📊 Total de mensajes no leídos: 0 @ http://localhost:4200/chunk-72XKYZD5.js:1732
[    4843ms] [LOG] [UnreadMessagesService] 🔄 Mensajes transformados: 0 @ http://localhost:4200/chunk-72XKYZD5.js:1738
[    4843ms] [LOG] [UnreadMessagesService] ✅ getUnreadMessages completado @ http://localhost:4200/chunk-72XKYZD5.js:1741
[    4848ms] [LOG] [UnreadMessagesService] 📥 Respuesta del servidor: [] @ http://localhost:4200/chunk-72XKYZD5.js:1731
[    4848ms] [LOG] [UnreadMessagesService] 📊 Total de mensajes no leídos: 0 @ http://localhost:4200/chunk-72XKYZD5.js:1732
[    4848ms] [LOG] [UnreadMessagesService] 🔄 Mensajes transformados: 0 @ http://localhost:4200/chunk-72XKYZD5.js:1738
[    4848ms] [LOG] [UnreadMessagesService] ✅ getUnreadMessages completado @ http://localhost:4200/chunk-72XKYZD5.js:1741
[    4857ms] [LOG] [UnreadMessagesService] 📥 Respuesta del servidor: [] @ http://localhost:4200/chunk-72XKYZD5.js:1731
[    4857ms] [LOG] [UnreadMessagesService] 📊 Total de mensajes no leídos: 0 @ http://localhost:4200/chunk-72XKYZD5.js:1732
[    4857ms] [LOG] [UnreadMessagesService] 🔄 Mensajes transformados: 0 @ http://localhost:4200/chunk-72XKYZD5.js:1738
[    4857ms] [LOG] [UnreadMessagesService] ✅ getUnreadMessages completado @ http://localhost:4200/chunk-72XKYZD5.js:1741
[    4867ms] [LOG] [UnreadMessagesService] 📥 Respuesta del servidor: [] @ http://localhost:4200/chunk-72XKYZD5.js:1731
[    4867ms] [LOG] [UnreadMessagesService] 📊 Total de mensajes no leídos: 0 @ http://localhost:4200/chunk-72XKYZD5.js:1732
[    4867ms] [LOG] [UnreadMessagesService] 🔄 Mensajes transformados: 0 @ http://localhost:4200/chunk-72XKYZD5.js:1738
[    4867ms] [LOG] [UnreadMessagesService] ✅ getUnreadMessages completado @ http://localhost:4200/chunk-72XKYZD5.js:1741
[    4877ms] [LOG] AuthGuard: Checking user session... @ http://localhost:4200/chunk-E7BSQB3W.js:20
[    4879ms] [LOG] [UnreadMessagesService] 📥 Respuesta del servidor: [] @ http://localhost:4200/chunk-72XKYZD5.js:1731
[    4879ms] [LOG] [UnreadMessagesService] 📊 Total de mensajes no leídos: 0 @ http://localhost:4200/chunk-72XKYZD5.js:1732
[    4879ms] [LOG] [UnreadMessagesService] 🔄 Mensajes transformados: 0 @ http://localhost:4200/chunk-72XKYZD5.js:1738
[    4879ms] [LOG] [UnreadMessagesService] ✅ getUnreadMessages completado @ http://localhost:4200/chunk-72XKYZD5.js:1741
[    4879ms] [LOG] [UnreadMessagesService] 📥 Respuesta del servidor: [] @ http://localhost:4200/chunk-72XKYZD5.js:1731
[    4879ms] [LOG] [UnreadMessagesService] 📊 Total de mensajes no leídos: 0 @ http://localhost:4200/chunk-72XKYZD5.js:1732
[    4879ms] [LOG] [UnreadMessagesService] 🔄 Mensajes transformados: 0 @ http://localhost:4200/chunk-72XKYZD5.js:1738
[    4879ms] [LOG] [UnreadMessagesService] ✅ getUnreadMessages completado @ http://localhost:4200/chunk-72XKYZD5.js:1741
[    4879ms] [LOG] [UnreadMessagesService] 📥 Respuesta del servidor: [] @ http://localhost:4200/chunk-72XKYZD5.js:1731
[    4879ms] [LOG] [UnreadMessagesService] 📊 Total de mensajes no leídos: 0 @ http://localhost:4200/chunk-72XKYZD5.js:1732
[    4879ms] [LOG] [UnreadMessagesService] 🔄 Mensajes transformados: 0 @ http://localhost:4200/chunk-72XKYZD5.js:1738
[    4879ms] [LOG] [UnreadMessagesService] ✅ getUnreadMessages completado @ http://localhost:4200/chunk-72XKYZD5.js:1741
[    4884ms] [LOG] User fetched and stored: {sub: 840f521f-5cf6-4eff-b33d-bf5b29bb9bd2, email: adminwp@test.com, roles: Array(1), companyId: e7f55515-a427-46ed-932e-662fe7effc40, app: console} @ http://localhost:4200/chunk-724AR4ZW.js:194
[    4885ms] [LOG] Session ensured for user: adminwp@test.com @ http://localhost:4200/chunk-724AR4ZW.js:417
[    4885ms] [LOG] [SessionService] Programando refresh proactivo para el usuario: adminwp@test.com @ http://localhost:4200/chunk-724AR4ZW.js:447
[    4885ms] [LOG] [AuthRefreshService] Programando refresh proactivo en 239 segundos @ http://localhost:4200/chunk-724AR4ZW.js:337
[    4885ms] [LOG] AuthGuard: Checking user session... @ http://localhost:4200/chunk-E7BSQB3W.js:20
[    4890ms] [LOG] User fetched and stored: {sub: 840f521f-5cf6-4eff-b33d-bf5b29bb9bd2, email: adminwp@test.com, roles: Array(1), companyId: e7f55515-a427-46ed-932e-662fe7effc40, app: console} @ http://localhost:4200/chunk-724AR4ZW.js:194
[    4890ms] [LOG] Session ensured for user: adminwp@test.com @ http://localhost:4200/chunk-724AR4ZW.js:417
[    4890ms] [LOG] [SessionService] Programando refresh proactivo para el usuario: adminwp@test.com @ http://localhost:4200/chunk-724AR4ZW.js:447
[    4890ms] [LOG] [AuthRefreshService] Programando refresh proactivo en 239 segundos @ http://localhost:4200/chunk-724AR4ZW.js:337
[    4896ms] [LOG] [Inbox] 🎧 Inicializando sincronización de mensajes no leídos @ http://localhost:4200/chunk-AXZ7Z6U4.js:3647
[    4896ms] [LOG] [Inbox] 📊 === SINCRONIZANDO CONTADORES DE NO LEÍDOS === @ http://localhost:4200/chunk-AXZ7Z6U4.js:3649
[    4897ms] [LOG] [Inbox] 📋 Mapa de contadores recibido: {9aa3ae2d-3e70-4313-83f9-be346f6d6bbc: 0, c0b02f3e-e8ef-4244-bf02-f27e482d0dab: 0, 8249623b-cf03-44c2-8cd1-17d3f79843f2: 0, 6e6e5021-e508-40e7-b550-6ece7c289073: 0, 7b6e8d17-e95e-4238-908c-181d7e014d03: 0} @ http://localhost:4200/chunk-AXZ7Z6U4.js:3650
[    4897ms] [LOG] [Inbox] 📋 Total de chats a actualizar: 10 @ http://localhost:4200/chunk-AXZ7Z6U4.js:3652
[    4897ms] [LOG] [Inbox] ✅ Chats actualizados con nuevos contadores @ http://localhost:4200/chunk-AXZ7Z6U4.js:3663
[    4897ms] [LOG] [Inbox] WebSocket reconectado, resubscribiendo a chats... @ http://localhost:4200/chunk-AXZ7Z6U4.js:3671
[    4897ms] [LOG] ═══════════════════════════════════════════════════════════ @ http://localhost:4200/chunk-L2HFCWZ5.js:132
[    4897ms] [LOG] 💬 [WebSocket] UNIÉNDOSE A 9 SALAS DE CHAT @ http://localhost:4200/chunk-L2HFCWZ5.js:133
[    4897ms] [LOG] ═══════════════════════════════════════════════════════════ @ http://localhost:4200/chunk-L2HFCWZ5.js:134
[    4898ms] [LOG] 📋 Lista de Chat IDs: @ http://localhost:4200/chunk-L2HFCWZ5.js:135
[    4898ms] [LOG]    1. chat:9aa3ae2d-3e70-4313-83f9-be346f6d6bbc @ http://localhost:4200/chunk-L2HFCWZ5.js:137
[    4898ms] [LOG]    2. chat:060bbed3-5fe1-42f5-acdf-93e4b9b7a0cc @ http://localhost:4200/chunk-L2HFCWZ5.js:137
[    4898ms] [LOG]    3. chat:c0b02f3e-e8ef-4244-bf02-f27e482d0dab @ http://localhost:4200/chunk-L2HFCWZ5.js:137
[    4898ms] [LOG]    4. chat:6e6e5021-e508-40e7-b550-6ece7c289073 @ http://localhost:4200/chunk-L2HFCWZ5.js:137
[    4898ms] [LOG]    5. chat:20ca8af2-0e17-4041-a2a5-9e72db274a00 @ http://localhost:4200/chunk-L2HFCWZ5.js:137
[    4898ms] [LOG]    6. chat:e32e80b7-52b4-41e3-8653-800a529fb849 @ http://localhost:4200/chunk-L2HFCWZ5.js:137
[    4898ms] [LOG]    7. chat:7b6e8d17-e95e-4238-908c-181d7e014d03 @ http://localhost:4200/chunk-L2HFCWZ5.js:137
[    4898ms] [LOG]    8. chat:f630dcc2-1845-4d56-9ba8-5a9e888e1328 @ http://localhost:4200/chunk-L2HFCWZ5.js:137
[    4898ms] [LOG]    9. chat:8249623b-cf03-44c2-8cd1-17d3f79843f2 @ http://localhost:4200/chunk-L2HFCWZ5.js:137
[    4898ms] [LOG] ═══════════════════════════════════════════════════════════ @ http://localhost:4200/chunk-L2HFCWZ5.js:139
[    4898ms] [LOG] ✅ [WebSocket] Suscrito a 9 chats para notificaciones en tiempo real @ http://localhost:4200/chunk-L2HFCWZ5.js:148
[    4898ms] [LOG] ═══════════════════════════════════════════════════════════ @ http://localhost:4200/chunk-L2HFCWZ5.js:149
[    4899ms] [LOG] [UnreadMessagesService] 🔄 Refrescando contadores para 9 chats @ http://localhost:4200/chunk-72XKYZD5.js:1776
[    4899ms] [LOG] [UnreadMessagesService] 📋 Chat activo actual: null @ http://localhost:4200/chunk-72XKYZD5.js:1777
[    4899ms] [LOG] [UnreadMessagesService] 🔄 Refrescando contador para chat: 9aa3ae2d-3e70-4313-83f9-be346f6d6bbc @ http://localhost:4200/chunk-72XKYZD5.js:1783
[    4899ms] [LOG] [UnreadMessagesService] 🌐 === LLAMANDO GET /v2/messages/chat/9aa3ae2d-3e70-4313-83f9-be346f6d6bbc/unread === @ http://localhost:4200/chunk-72XKYZD5.js:1725
[    4899ms] [LOG] [UnreadMessagesService] 📋 URL completa: http://localhost:3000/api/v2/messages/chat/9aa3ae2d-3e70-4313-83f9-be346f6d6bbc/unread @ http://localhost:4200/chunk-72XKYZD5.js:1729
[    4899ms] [LOG] [UnreadMessagesService] 🔄 Refrescando contador para chat: 060bbed3-5fe1-42f5-acdf-93e4b9b7a0cc @ http://localhost:4200/chunk-72XKYZD5.js:1783
[    4899ms] [LOG] [UnreadMessagesService] 🌐 === LLAMANDO GET /v2/messages/chat/060bbed3-5fe1-42f5-acdf-93e4b9b7a0cc/unread === @ http://localhost:4200/chunk-72XKYZD5.js:1725
[    4899ms] [LOG] [UnreadMessagesService] 📋 URL completa: http://localhost:3000/api/v2/messages/chat/060bbed3-5fe1-42f5-acdf-93e4b9b7a0cc/unread @ http://localhost:4200/chunk-72XKYZD5.js:1729
[    4900ms] [LOG] [UnreadMessagesService] 🔄 Refrescando contador para chat: c0b02f3e-e8ef-4244-bf02-f27e482d0dab @ http://localhost:4200/chunk-72XKYZD5.js:1783
[    4900ms] [LOG] [UnreadMessagesService] 🌐 === LLAMANDO GET /v2/messages/chat/c0b02f3e-e8ef-4244-bf02-f27e482d0dab/unread === @ http://localhost:4200/chunk-72XKYZD5.js:1725
[    4900ms] [LOG] [UnreadMessagesService] 📋 URL completa: http://localhost:3000/api/v2/messages/chat/c0b02f3e-e8ef-4244-bf02-f27e482d0dab/unread @ http://localhost:4200/chunk-72XKYZD5.js:1729
[    4900ms] [LOG] [UnreadMessagesService] 🔄 Refrescando contador para chat: 6e6e5021-e508-40e7-b550-6ece7c289073 @ http://localhost:4200/chunk-72XKYZD5.js:1783
[    4900ms] [LOG] [UnreadMessagesService] 🌐 === LLAMANDO GET /v2/messages/chat/6e6e5021-e508-40e7-b550-6ece7c289073/unread === @ http://localhost:4200/chunk-72XKYZD5.js:1725
[    4900ms] [LOG] [UnreadMessagesService] 📋 URL completa: http://localhost:3000/api/v2/messages/chat/6e6e5021-e508-40e7-b550-6ece7c289073/unread @ http://localhost:4200/chunk-72XKYZD5.js:1729
[    4901ms] [LOG] [UnreadMessagesService] 🔄 Refrescando contador para chat: 20ca8af2-0e17-4041-a2a5-9e72db274a00 @ http://localhost:4200/chunk-72XKYZD5.js:1783
[    4901ms] [LOG] [UnreadMessagesService] 🌐 === LLAMANDO GET /v2/messages/chat/20ca8af2-0e17-4041-a2a5-9e72db274a00/unread === @ http://localhost:4200/chunk-72XKYZD5.js:1725
[    4901ms] [LOG] [UnreadMessagesService] 📋 URL completa: http://localhost:3000/api/v2/messages/chat/20ca8af2-0e17-4041-a2a5-9e72db274a00/unread @ http://localhost:4200/chunk-72XKYZD5.js:1729
[    4901ms] [LOG] [UnreadMessagesService] 🔄 Refrescando contador para chat: e32e80b7-52b4-41e3-8653-800a529fb849 @ http://localhost:4200/chunk-72XKYZD5.js:1783
[    4901ms] [LOG] [UnreadMessagesService] 🌐 === LLAMANDO GET /v2/messages/chat/e32e80b7-52b4-41e3-8653-800a529fb849/unread === @ http://localhost:4200/chunk-72XKYZD5.js:1725
[    4901ms] [LOG] [UnreadMessagesService] 📋 URL completa: http://localhost:3000/api/v2/messages/chat/e32e80b7-52b4-41e3-8653-800a529fb849/unread @ http://localhost:4200/chunk-72XKYZD5.js:1729
[    4902ms] [LOG] [UnreadMessagesService] 🔄 Refrescando contador para chat: 7b6e8d17-e95e-4238-908c-181d7e014d03 @ http://localhost:4200/chunk-72XKYZD5.js:1783
[    4902ms] [LOG] [UnreadMessagesService] 🌐 === LLAMANDO GET /v2/messages/chat/7b6e8d17-e95e-4238-908c-181d7e014d03/unread === @ http://localhost:4200/chunk-72XKYZD5.js:1725
[    4902ms] [LOG] [UnreadMessagesService] 📋 URL completa: http://localhost:3000/api/v2/messages/chat/7b6e8d17-e95e-4238-908c-181d7e014d03/unread @ http://localhost:4200/chunk-72XKYZD5.js:1729
[    4902ms] [LOG] [UnreadMessagesService] 🔄 Refrescando contador para chat: f630dcc2-1845-4d56-9ba8-5a9e888e1328 @ http://localhost:4200/chunk-72XKYZD5.js:1783
[    4902ms] [LOG] [UnreadMessagesService] 🌐 === LLAMANDO GET /v2/messages/chat/f630dcc2-1845-4d56-9ba8-5a9e888e1328/unread === @ http://localhost:4200/chunk-72XKYZD5.js:1725
[    4902ms] [LOG] [UnreadMessagesService] 📋 URL completa: http://localhost:3000/api/v2/messages/chat/f630dcc2-1845-4d56-9ba8-5a9e888e1328/unread @ http://localhost:4200/chunk-72XKYZD5.js:1729
[    4903ms] [LOG] [UnreadMessagesService] 🔄 Refrescando contador para chat: 8249623b-cf03-44c2-8cd1-17d3f79843f2 @ http://localhost:4200/chunk-72XKYZD5.js:1783
[    4903ms] [LOG] [UnreadMessagesService] 🌐 === LLAMANDO GET /v2/messages/chat/8249623b-cf03-44c2-8cd1-17d3f79843f2/unread === @ http://localhost:4200/chunk-72XKYZD5.js:1725
[    4903ms] [LOG] [UnreadMessagesService] 📋 URL completa: http://localhost:3000/api/v2/messages/chat/8249623b-cf03-44c2-8cd1-17d3f79843f2/unread @ http://localhost:4200/chunk-72XKYZD5.js:1729
[    4905ms] [LOG] [WebSocket] 📡 Registrando listener para evento: "visitor:page-changed" @ http://localhost:4200/chunk-L2HFCWZ5.js:494
[    4905ms] [LOG] [WebSocket] ✅ Listener registrado para: "visitor:page-changed" @ http://localhost:4200/chunk-L2HFCWZ5.js:496
[    4913ms] [LOG] 🔍 [WebSocket onAny] Evento: "chat:joined" [Object] @ http://localhost:4200/chunk-L2HFCWZ5.js:327
[    4933ms] [LOG] 🔍 [WebSocket onAny] Evento: "chat:joined" [Object] @ http://localhost:4200/chunk-L2HFCWZ5.js:327
[    4933ms] [LOG] 🔍 [WebSocket onAny] Evento: "chat:joined" [Object] @ http://localhost:4200/chunk-L2HFCWZ5.js:327
[    4934ms] [LOG] 🔍 [WebSocket onAny] Evento: "chat:joined" [Object] @ http://localhost:4200/chunk-L2HFCWZ5.js:327
[    4934ms] [LOG] 🔍 [WebSocket onAny] Evento: "chat:joined" [Object] @ http://localhost:4200/chunk-L2HFCWZ5.js:327
[    4934ms] [LOG] 🔍 [WebSocket onAny] Evento: "chat:joined" [Object] @ http://localhost:4200/chunk-L2HFCWZ5.js:327
[    4934ms] [LOG] 🔍 [WebSocket onAny] Evento: "chat:joined" [Object] @ http://localhost:4200/chunk-L2HFCWZ5.js:327
[    4934ms] [LOG] 🔍 [WebSocket onAny] Evento: "chat:joined" [Object] @ http://localhost:4200/chunk-L2HFCWZ5.js:327
[    4934ms] [LOG] 🔍 [WebSocket onAny] Evento: "chat:joined" [Object] @ http://localhost:4200/chunk-L2HFCWZ5.js:327
[    4959ms] [LOG] [UnreadMessagesService] 📥 Respuesta del servidor: [] @ http://localhost:4200/chunk-72XKYZD5.js:1731
[    4959ms] [LOG] [UnreadMessagesService] 📊 Total de mensajes no leídos: 0 @ http://localhost:4200/chunk-72XKYZD5.js:1732
[    4959ms] [LOG] [UnreadMessagesService] 🔄 Mensajes transformados: 0 @ http://localhost:4200/chunk-72XKYZD5.js:1738
[    4959ms] [LOG] [Inbox] 📊 === SINCRONIZANDO CONTADORES DE NO LEÍDOS === @ http://localhost:4200/chunk-AXZ7Z6U4.js:3649
[    4959ms] [LOG] [Inbox] 📋 Mapa de contadores recibido: {9aa3ae2d-3e70-4313-83f9-be346f6d6bbc: 0, c0b02f3e-e8ef-4244-bf02-f27e482d0dab: 0, 8249623b-cf03-44c2-8cd1-17d3f79843f2: 0, 6e6e5021-e508-40e7-b550-6ece7c289073: 0, 7b6e8d17-e95e-4238-908c-181d7e014d03: 0} @ http://localhost:4200/chunk-AXZ7Z6U4.js:3650
[    4959ms] [LOG] [Inbox] 📋 Total de chats a actualizar: 10 @ http://localhost:4200/chunk-AXZ7Z6U4.js:3652
[    4959ms] [LOG] [Inbox] ✅ Chats actualizados con nuevos contadores @ http://localhost:4200/chunk-AXZ7Z6U4.js:3663
[    4959ms] [LOG] [UnreadMessagesService] ✅ getUnreadMessages completado @ http://localhost:4200/chunk-72XKYZD5.js:1741
[    4960ms] [LOG] [UnreadMessagesService] 📥 Respuesta del servidor: [] @ http://localhost:4200/chunk-72XKYZD5.js:1731
[    4960ms] [LOG] [UnreadMessagesService] 📊 Total de mensajes no leídos: 0 @ http://localhost:4200/chunk-72XKYZD5.js:1732
[    4960ms] [LOG] [UnreadMessagesService] 🔄 Mensajes transformados: 0 @ http://localhost:4200/chunk-72XKYZD5.js:1738
[    4960ms] [LOG] [Inbox] 📊 === SINCRONIZANDO CONTADORES DE NO LEÍDOS === @ http://localhost:4200/chunk-AXZ7Z6U4.js:3649
[    4960ms] [LOG] [Inbox] 📋 Mapa de contadores recibido: {9aa3ae2d-3e70-4313-83f9-be346f6d6bbc: 0, c0b02f3e-e8ef-4244-bf02-f27e482d0dab: 0, 8249623b-cf03-44c2-8cd1-17d3f79843f2: 0, 6e6e5021-e508-40e7-b550-6ece7c289073: 0, 7b6e8d17-e95e-4238-908c-181d7e014d03: 0} @ http://localhost:4200/chunk-AXZ7Z6U4.js:3650
[    4961ms] [LOG] [Inbox] 📋 Total de chats a actualizar: 10 @ http://localhost:4200/chunk-AXZ7Z6U4.js:3652
[    4961ms] [LOG] [Inbox] ✅ Chats actualizados con nuevos contadores @ http://localhost:4200/chunk-AXZ7Z6U4.js:3663
[    4961ms] [LOG] [UnreadMessagesService] ✅ getUnreadMessages completado @ http://localhost:4200/chunk-72XKYZD5.js:1741
[    4961ms] [LOG] [UnreadMessagesService] 📥 Respuesta del servidor: [] @ http://localhost:4200/chunk-72XKYZD5.js:1731
[    4961ms] [LOG] [UnreadMessagesService] 📊 Total de mensajes no leídos: 0 @ http://localhost:4200/chunk-72XKYZD5.js:1732
[    4962ms] [LOG] [UnreadMessagesService] 🔄 Mensajes transformados: 0 @ http://localhost:4200/chunk-72XKYZD5.js:1738
[    4962ms] [LOG] [Inbox] 📊 === SINCRONIZANDO CONTADORES DE NO LEÍDOS === @ http://localhost:4200/chunk-AXZ7Z6U4.js:3649
[    4962ms] [LOG] [Inbox] 📋 Mapa de contadores recibido: {9aa3ae2d-3e70-4313-83f9-be346f6d6bbc: 0, c0b02f3e-e8ef-4244-bf02-f27e482d0dab: 0, 8249623b-cf03-44c2-8cd1-17d3f79843f2: 0, 6e6e5021-e508-40e7-b550-6ece7c289073: 0, 7b6e8d17-e95e-4238-908c-181d7e014d03: 0} @ http://localhost:4200/chunk-AXZ7Z6U4.js:3650
[    4962ms] [LOG] [Inbox] 📋 Total de chats a actualizar: 10 @ http://localhost:4200/chunk-AXZ7Z6U4.js:3652
[    4962ms] [LOG] [Inbox] ✅ Chats actualizados con nuevos contadores @ http://localhost:4200/chunk-AXZ7Z6U4.js:3663
[    4962ms] [LOG] [UnreadMessagesService] ✅ getUnreadMessages completado @ http://localhost:4200/chunk-72XKYZD5.js:1741
[    4966ms] [LOG] [UnreadMessagesService] 📥 Respuesta del servidor: [] @ http://localhost:4200/chunk-72XKYZD5.js:1731
[    4966ms] [LOG] [UnreadMessagesService] 📊 Total de mensajes no leídos: 0 @ http://localhost:4200/chunk-72XKYZD5.js:1732
[    4966ms] [LOG] [UnreadMessagesService] 🔄 Mensajes transformados: 0 @ http://localhost:4200/chunk-72XKYZD5.js:1738
[    4966ms] [LOG] [Inbox] 📊 === SINCRONIZANDO CONTADORES DE NO LEÍDOS === @ http://localhost:4200/chunk-AXZ7Z6U4.js:3649
[    4966ms] [LOG] [Inbox] 📋 Mapa de contadores recibido: {9aa3ae2d-3e70-4313-83f9-be346f6d6bbc: 0, c0b02f3e-e8ef-4244-bf02-f27e482d0dab: 0, 8249623b-cf03-44c2-8cd1-17d3f79843f2: 0, 6e6e5021-e508-40e7-b550-6ece7c289073: 0, 7b6e8d17-e95e-4238-908c-181d7e014d03: 0} @ http://localhost:4200/chunk-AXZ7Z6U4.js:3650
[    4966ms] [LOG] [Inbox] 📋 Total de chats a actualizar: 10 @ http://localhost:4200/chunk-AXZ7Z6U4.js:3652
[    4966ms] [LOG] [Inbox] ✅ Chats actualizados con nuevos contadores @ http://localhost:4200/chunk-AXZ7Z6U4.js:3663
[    4966ms] [LOG] [UnreadMessagesService] ✅ getUnreadMessages completado @ http://localhost:4200/chunk-72XKYZD5.js:1741
[    4967ms] [LOG] [UnreadMessagesService] 📥 Respuesta del servidor: [] @ http://localhost:4200/chunk-72XKYZD5.js:1731
[    4967ms] [LOG] [UnreadMessagesService] 📊 Total de mensajes no leídos: 0 @ http://localhost:4200/chunk-72XKYZD5.js:1732
[    4967ms] [LOG] [UnreadMessagesService] 🔄 Mensajes transformados: 0 @ http://localhost:4200/chunk-72XKYZD5.js:1738
[    4967ms] [LOG] [Inbox] 📊 === SINCRONIZANDO CONTADORES DE NO LEÍDOS === @ http://localhost:4200/chunk-AXZ7Z6U4.js:3649
[    4967ms] [LOG] [Inbox] 📋 Mapa de contadores recibido: {9aa3ae2d-3e70-4313-83f9-be346f6d6bbc: 0, c0b02f3e-e8ef-4244-bf02-f27e482d0dab: 0, 8249623b-cf03-44c2-8cd1-17d3f79843f2: 0, 6e6e5021-e508-40e7-b550-6ece7c289073: 0, 7b6e8d17-e95e-4238-908c-181d7e014d03: 0} @ http://localhost:4200/chunk-AXZ7Z6U4.js:3650
[    4967ms] [LOG] [Inbox] 📋 Total de chats a actualizar: 10 @ http://localhost:4200/chunk-AXZ7Z6U4.js:3652
[    4967ms] [LOG] [Inbox] ✅ Chats actualizados con nuevos contadores @ http://localhost:4200/chunk-AXZ7Z6U4.js:3663
[    4967ms] [LOG] [UnreadMessagesService] ✅ getUnreadMessages completado @ http://localhost:4200/chunk-72XKYZD5.js:1741
[    4989ms] [LOG] [UnreadMessagesService] 📥 Respuesta del servidor: [] @ http://localhost:4200/chunk-72XKYZD5.js:1731
[    4989ms] [LOG] [UnreadMessagesService] 📊 Total de mensajes no leídos: 0 @ http://localhost:4200/chunk-72XKYZD5.js:1732
[    4989ms] [LOG] [UnreadMessagesService] 🔄 Mensajes transformados: 0 @ http://localhost:4200/chunk-72XKYZD5.js:1738
[    4989ms] [LOG] [Inbox] 📊 === SINCRONIZANDO CONTADORES DE NO LEÍDOS === @ http://localhost:4200/chunk-AXZ7Z6U4.js:3649
[    4990ms] [LOG] [Inbox] 📋 Mapa de contadores recibido: {9aa3ae2d-3e70-4313-83f9-be346f6d6bbc: 0, c0b02f3e-e8ef-4244-bf02-f27e482d0dab: 0, 8249623b-cf03-44c2-8cd1-17d3f79843f2: 0, 6e6e5021-e508-40e7-b550-6ece7c289073: 0, 7b6e8d17-e95e-4238-908c-181d7e014d03: 0} @ http://localhost:4200/chunk-AXZ7Z6U4.js:3650
[    4990ms] [LOG] [Inbox] 📋 Total de chats a actualizar: 10 @ http://localhost:4200/chunk-AXZ7Z6U4.js:3652
[    4990ms] [LOG] [Inbox] ✅ Chats actualizados con nuevos contadores @ http://localhost:4200/chunk-AXZ7Z6U4.js:3663
[    4990ms] [LOG] [UnreadMessagesService] ✅ getUnreadMessages completado @ http://localhost:4200/chunk-72XKYZD5.js:1741
[    4990ms] [LOG] [UnreadMessagesService] 📥 Respuesta del servidor: [] @ http://localhost:4200/chunk-72XKYZD5.js:1731
[    4990ms] [LOG] [UnreadMessagesService] 📊 Total de mensajes no leídos: 0 @ http://localhost:4200/chunk-72XKYZD5.js:1732
[    4990ms] [LOG] [UnreadMessagesService] 🔄 Mensajes transformados: 0 @ http://localhost:4200/chunk-72XKYZD5.js:1738
[    4990ms] [LOG] [Inbox] 📊 === SINCRONIZANDO CONTADORES DE NO LEÍDOS === @ http://localhost:4200/chunk-AXZ7Z6U4.js:3649
[    4990ms] [LOG] [Inbox] 📋 Mapa de contadores recibido: {9aa3ae2d-3e70-4313-83f9-be346f6d6bbc: 0, c0b02f3e-e8ef-4244-bf02-f27e482d0dab: 0, 8249623b-cf03-44c2-8cd1-17d3f79843f2: 0, 6e6e5021-e508-40e7-b550-6ece7c289073: 0, 7b6e8d17-e95e-4238-908c-181d7e014d03: 0} @ http://localhost:4200/chunk-AXZ7Z6U4.js:3650
[    4990ms] [LOG] [Inbox] 📋 Total de chats a actualizar: 10 @ http://localhost:4200/chunk-AXZ7Z6U4.js:3652
[    4990ms] [LOG] [Inbox] ✅ Chats actualizados con nuevos contadores @ http://localhost:4200/chunk-AXZ7Z6U4.js:3663
[    4990ms] [LOG] [UnreadMessagesService] ✅ getUnreadMessages completado @ http://localhost:4200/chunk-72XKYZD5.js:1741
[    4994ms] [LOG] [UnreadMessagesService] 📥 Respuesta del servidor: [] @ http://localhost:4200/chunk-72XKYZD5.js:1731
[    4994ms] [LOG] [UnreadMessagesService] 📊 Total de mensajes no leídos: 0 @ http://localhost:4200/chunk-72XKYZD5.js:1732
[    4994ms] [LOG] [UnreadMessagesService] 🔄 Mensajes transformados: 0 @ http://localhost:4200/chunk-72XKYZD5.js:1738
[    4994ms] [LOG] [Inbox] 📊 === SINCRONIZANDO CONTADORES DE NO LEÍDOS === @ http://localhost:4200/chunk-AXZ7Z6U4.js:3649
[    4994ms] [LOG] [Inbox] 📋 Mapa de contadores recibido: {9aa3ae2d-3e70-4313-83f9-be346f6d6bbc: 0, c0b02f3e-e8ef-4244-bf02-f27e482d0dab: 0, 8249623b-cf03-44c2-8cd1-17d3f79843f2: 0, 6e6e5021-e508-40e7-b550-6ece7c289073: 0, 7b6e8d17-e95e-4238-908c-181d7e014d03: 0} @ http://localhost:4200/chunk-AXZ7Z6U4.js:3650
[    4995ms] [LOG] [Inbox] 📋 Total de chats a actualizar: 10 @ http://localhost:4200/chunk-AXZ7Z6U4.js:3652
[    4995ms] [LOG] [Inbox] ✅ Chats actualizados con nuevos contadores @ http://localhost:4200/chunk-AXZ7Z6U4.js:3663
[    4995ms] [LOG] [UnreadMessagesService] ✅ getUnreadMessages completado @ http://localhost:4200/chunk-72XKYZD5.js:1741
[    5000ms] [LOG] ═══════════════════════════════════════════════════════════ @ http://localhost:4200/chunk-L2HFCWZ5.js:162
[    5000ms] [LOG] 📋 [WebSocket] RESUMEN DE SALAS ACTIVAS @ http://localhost:4200/chunk-L2HFCWZ5.js:163
[    5000ms] [LOG] ═══════════════════════════════════════════════════════════ @ http://localhost:4200/chunk-L2HFCWZ5.js:164
[    5000ms] [LOG] 🔌 Socket conectado: true @ http://localhost:4200/chunk-L2HFCWZ5.js:165
[    5000ms] [LOG] 🆔 Socket ID: h8qD9GDpOidG3kxKAAE_ @ http://localhost:4200/chunk-L2HFCWZ5.js:166
[    5000ms] [LOG] 📊 Total de salas: 10 @ http://localhost:4200/chunk-L2HFCWZ5.js:167
[    5000ms] [LOG]  @ http://localhost:4200/chunk-L2HFCWZ5.js:168
[    5000ms] [LOG] 💬 SALAS DE CHAT: 9 @ http://localhost:4200/chunk-L2HFCWZ5.js:176
[    5000ms] [LOG]    1. chat:9aa3ae2d-3e70-4313-83f9-be346f6d6bbc @ http://localhost:4200/chunk-L2HFCWZ5.js:178
[    5000ms] [LOG]    2. chat:060bbed3-5fe1-42f5-acdf-93e4b9b7a0cc @ http://localhost:4200/chunk-L2HFCWZ5.js:178
[    5000ms] [LOG]    3. chat:c0b02f3e-e8ef-4244-bf02-f27e482d0dab @ http://localhost:4200/chunk-L2HFCWZ5.js:178
[    5000ms] [LOG]    4. chat:6e6e5021-e508-40e7-b550-6ece7c289073 @ http://localhost:4200/chunk-L2HFCWZ5.js:178
[    5000ms] [LOG]    5. chat:20ca8af2-0e17-4041-a2a5-9e72db274a00 @ http://localhost:4200/chunk-L2HFCWZ5.js:178
[    5000ms] [LOG]    6. chat:e32e80b7-52b4-41e3-8653-800a529fb849 @ http://localhost:4200/chunk-L2HFCWZ5.js:178
[    5000ms] [LOG]    7. chat:7b6e8d17-e95e-4238-908c-181d7e014d03 @ http://localhost:4200/chunk-L2HFCWZ5.js:178
[    5000ms] [LOG]    8. chat:f630dcc2-1845-4d56-9ba8-5a9e888e1328 @ http://localhost:4200/chunk-L2HFCWZ5.js:178
[    5000ms] [LOG]    9. chat:8249623b-cf03-44c2-8cd1-17d3f79843f2 @ http://localhost:4200/chunk-L2HFCWZ5.js:178
[    5000ms] [LOG]  @ http://localhost:4200/chunk-L2HFCWZ5.js:180
[    5000ms] [LOG] 👤 SALAS DE PRESENCIA: 1 @ http://localhost:4200/chunk-L2HFCWZ5.js:183
[    5000ms] [LOG]    1. commercial:840f521f-5cf6-4eff-b33d-bf5b29bb9bd2 @ http://localhost:4200/chunk-L2HFCWZ5.js:186
[    5001ms] [LOG]       🏷️  Type: commercial @ http://localhost:4200/chunk-L2HFCWZ5.js:187
[    5001ms] [LOG]       👤 User ID: 840f521f-5cf6-4eff-b33d-bf5b29bb9bd2 @ http://localhost:4200/chunk-L2HFCWZ5.js:188
[    5001ms] [LOG]  @ http://localhost:4200/chunk-L2HFCWZ5.js:190
[    5001ms] [LOG] ═══════════════════════════════════════════════════════════ @ http://localhost:4200/chunk-L2HFCWZ5.js:200
[    5019ms] [LOG] [CommercialPresenceService] 📡 user:activity emitido vía WebSocket @ http://localhost:4200/chunk-4QAV5XPZ.js:468
[    5022ms] [LOG] Chats cargados: 9 @ http://localhost:4200/chunk-AXZ7Z6U4.js:3397
[    5022ms] [LOG] ✅ [Inbox] Registradas 9 relaciones chat-visitor @ http://localhost:4200/chunk-AXZ7Z6U4.js:3405
[    5022ms] [LOG] ═══════════════════════════════════════════════════════════ @ http://localhost:4200/chunk-L2HFCWZ5.js:132
[    5022ms] [LOG] 💬 [WebSocket] UNIÉNDOSE A 9 SALAS DE CHAT @ http://localhost:4200/chunk-L2HFCWZ5.js:133
[    5022ms] [LOG] ═══════════════════════════════════════════════════════════ @ http://localhost:4200/chunk-L2HFCWZ5.js:134
[    5022ms] [LOG] 📋 Lista de Chat IDs: @ http://localhost:4200/chunk-L2HFCWZ5.js:135
[    5022ms] [LOG]    1. chat:9aa3ae2d-3e70-4313-83f9-be346f6d6bbc @ http://localhost:4200/chunk-L2HFCWZ5.js:137
[    5022ms] [LOG]    2. chat:060bbed3-5fe1-42f5-acdf-93e4b9b7a0cc @ http://localhost:4200/chunk-L2HFCWZ5.js:137
[    5022ms] [LOG]    3. chat:c0b02f3e-e8ef-4244-bf02-f27e482d0dab @ http://localhost:4200/chunk-L2HFCWZ5.js:137
[    5022ms] [LOG]    4. chat:6e6e5021-e508-40e7-b550-6ece7c289073 @ http://localhost:4200/chunk-L2HFCWZ5.js:137
[    5022ms] [LOG]    5. chat:20ca8af2-0e17-4041-a2a5-9e72db274a00 @ http://localhost:4200/chunk-L2HFCWZ5.js:137
[    5022ms] [LOG]    6. chat:e32e80b7-52b4-41e3-8653-800a529fb849 @ http://localhost:4200/chunk-L2HFCWZ5.js:137
[    5022ms] [LOG]    7. chat:7b6e8d17-e95e-4238-908c-181d7e014d03 @ http://localhost:4200/chunk-L2HFCWZ5.js:137
[    5022ms] [LOG]    8. chat:f630dcc2-1845-4d56-9ba8-5a9e888e1328 @ http://localhost:4200/chunk-L2HFCWZ5.js:137
[    5022ms] [LOG]    9. chat:8249623b-cf03-44c2-8cd1-17d3f79843f2 @ http://localhost:4200/chunk-L2HFCWZ5.js:137
[    5023ms] [LOG] ═══════════════════════════════════════════════════════════ @ http://localhost:4200/chunk-L2HFCWZ5.js:139
[    5023ms] [LOG] ✅ [WebSocket] Suscrito a 9 chats para notificaciones en tiempo real @ http://localhost:4200/chunk-L2HFCWZ5.js:148
[    5023ms] [LOG] ═══════════════════════════════════════════════════════════ @ http://localhost:4200/chunk-L2HFCWZ5.js:149
[    5023ms] [LOG] ✅ [Inbox] Suscrito a 9 chats para notificaciones en tiempo real @ http://localhost:4200/chunk-AXZ7Z6U4.js:3408
[    5023ms] [LOG] [UnreadMessagesService] 🔄 Refrescando contadores para 9 chats @ http://localhost:4200/chunk-72XKYZD5.js:1776
[    5023ms] [LOG] [UnreadMessagesService] 📋 Chat activo actual: null @ http://localhost:4200/chunk-72XKYZD5.js:1777
[    5023ms] [LOG] [UnreadMessagesService] 🔄 Refrescando contador para chat: 9aa3ae2d-3e70-4313-83f9-be346f6d6bbc @ http://localhost:4200/chunk-72XKYZD5.js:1783
[    5023ms] [LOG] [UnreadMessagesService] 🌐 === LLAMANDO GET /v2/messages/chat/9aa3ae2d-3e70-4313-83f9-be346f6d6bbc/unread === @ http://localhost:4200/chunk-72XKYZD5.js:1725
[    5023ms] [LOG] [UnreadMessagesService] 📋 URL completa: http://localhost:3000/api/v2/messages/chat/9aa3ae2d-3e70-4313-83f9-be346f6d6bbc/unread @ http://localhost:4200/chunk-72XKYZD5.js:1729
[    5023ms] [LOG] [UnreadMessagesService] 🔄 Refrescando contador para chat: 060bbed3-5fe1-42f5-acdf-93e4b9b7a0cc @ http://localhost:4200/chunk-72XKYZD5.js:1783
[    5024ms] [LOG] [UnreadMessagesService] 🌐 === LLAMANDO GET /v2/messages/chat/060bbed3-5fe1-42f5-acdf-93e4b9b7a0cc/unread === @ http://localhost:4200/chunk-72XKYZD5.js:1725
[    5024ms] [LOG] [UnreadMessagesService] 📋 URL completa: http://localhost:3000/api/v2/messages/chat/060bbed3-5fe1-42f5-acdf-93e4b9b7a0cc/unread @ http://localhost:4200/chunk-72XKYZD5.js:1729
[    5024ms] [LOG] [UnreadMessagesService] 🔄 Refrescando contador para chat: c0b02f3e-e8ef-4244-bf02-f27e482d0dab @ http://localhost:4200/chunk-72XKYZD5.js:1783
[    5024ms] [LOG] [UnreadMessagesService] 🌐 === LLAMANDO GET /v2/messages/chat/c0b02f3e-e8ef-4244-bf02-f27e482d0dab/unread === @ http://localhost:4200/chunk-72XKYZD5.js:1725
[    5024ms] [LOG] [UnreadMessagesService] 📋 URL completa: http://localhost:3000/api/v2/messages/chat/c0b02f3e-e8ef-4244-bf02-f27e482d0dab/unread @ http://localhost:4200/chunk-72XKYZD5.js:1729
[    5024ms] [LOG] [UnreadMessagesService] 🔄 Refrescando contador para chat: 6e6e5021-e508-40e7-b550-6ece7c289073 @ http://localhost:4200/chunk-72XKYZD5.js:1783
[    5024ms] [LOG] [UnreadMessagesService] 🌐 === LLAMANDO GET /v2/messages/chat/6e6e5021-e508-40e7-b550-6ece7c289073/unread === @ http://localhost:4200/chunk-72XKYZD5.js:1725
[    5024ms] [LOG] [UnreadMessagesService] 📋 URL completa: http://localhost:3000/api/v2/messages/chat/6e6e5021-e508-40e7-b550-6ece7c289073/unread @ http://localhost:4200/chunk-72XKYZD5.js:1729
[    5024ms] [LOG] [UnreadMessagesService] 🔄 Refrescando contador para chat: 20ca8af2-0e17-4041-a2a5-9e72db274a00 @ http://localhost:4200/chunk-72XKYZD5.js:1783
[    5025ms] [LOG] [UnreadMessagesService] 🌐 === LLAMANDO GET /v2/messages/chat/20ca8af2-0e17-4041-a2a5-9e72db274a00/unread === @ http://localhost:4200/chunk-72XKYZD5.js:1725
[    5025ms] [LOG] [UnreadMessagesService] 📋 URL completa: http://localhost:3000/api/v2/messages/chat/20ca8af2-0e17-4041-a2a5-9e72db274a00/unread @ http://localhost:4200/chunk-72XKYZD5.js:1729
[    5025ms] [LOG] [UnreadMessagesService] 🔄 Refrescando contador para chat: e32e80b7-52b4-41e3-8653-800a529fb849 @ http://localhost:4200/chunk-72XKYZD5.js:1783
[    5025ms] [LOG] [UnreadMessagesService] 🌐 === LLAMANDO GET /v2/messages/chat/e32e80b7-52b4-41e3-8653-800a529fb849/unread === @ http://localhost:4200/chunk-72XKYZD5.js:1725
[    5025ms] [LOG] [UnreadMessagesService] 📋 URL completa: http://localhost:3000/api/v2/messages/chat/e32e80b7-52b4-41e3-8653-800a529fb849/unread @ http://localhost:4200/chunk-72XKYZD5.js:1729
[    5025ms] [LOG] [UnreadMessagesService] 🔄 Refrescando contador para chat: 7b6e8d17-e95e-4238-908c-181d7e014d03 @ http://localhost:4200/chunk-72XKYZD5.js:1783
[    5025ms] [LOG] [UnreadMessagesService] 🌐 === LLAMANDO GET /v2/messages/chat/7b6e8d17-e95e-4238-908c-181d7e014d03/unread === @ http://localhost:4200/chunk-72XKYZD5.js:1725
[    5025ms] [LOG] [UnreadMessagesService] 📋 URL completa: http://localhost:3000/api/v2/messages/chat/7b6e8d17-e95e-4238-908c-181d7e014d03/unread @ http://localhost:4200/chunk-72XKYZD5.js:1729
[    5025ms] [LOG] [UnreadMessagesService] 🔄 Refrescando contador para chat: f630dcc2-1845-4d56-9ba8-5a9e888e1328 @ http://localhost:4200/chunk-72XKYZD5.js:1783
[    5026ms] [LOG] [UnreadMessagesService] 🌐 === LLAMANDO GET /v2/messages/chat/f630dcc2-1845-4d56-9ba8-5a9e888e1328/unread === @ http://localhost:4200/chunk-72XKYZD5.js:1725
[    5026ms] [LOG] [UnreadMessagesService] 📋 URL completa: http://localhost:3000/api/v2/messages/chat/f630dcc2-1845-4d56-9ba8-5a9e888e1328/unread @ http://localhost:4200/chunk-72XKYZD5.js:1729
[    5026ms] [LOG] [UnreadMessagesService] 🔄 Refrescando contador para chat: 8249623b-cf03-44c2-8cd1-17d3f79843f2 @ http://localhost:4200/chunk-72XKYZD5.js:1783
[    5026ms] [LOG] [UnreadMessagesService] 🌐 === LLAMANDO GET /v2/messages/chat/8249623b-cf03-44c2-8cd1-17d3f79843f2/unread === @ http://localhost:4200/chunk-72XKYZD5.js:1725
[    5026ms] [LOG] [UnreadMessagesService] 📋 URL completa: http://localhost:3000/api/v2/messages/chat/8249623b-cf03-44c2-8cd1-17d3f79843f2/unread @ http://localhost:4200/chunk-72XKYZD5.js:1729
[    5028ms] [LOG] 🔍 [WebSocket onAny] Evento: "chat:joined" [Object] @ http://localhost:4200/chunk-L2HFCWZ5.js:327
[    5031ms] [LOG] 🔍 [WebSocket onAny] Evento: "chat:joined" [Object] @ http://localhost:4200/chunk-L2HFCWZ5.js:327
[    5032ms] [LOG] 🔍 [WebSocket onAny] Evento: "chat:joined" [Object] @ http://localhost:4200/chunk-L2HFCWZ5.js:327
[    5032ms] [LOG] 🔍 [WebSocket onAny] Evento: "chat:joined" [Object] @ http://localhost:4200/chunk-L2HFCWZ5.js:327
[    5032ms] [LOG] 🔍 [WebSocket onAny] Evento: "chat:joined" [Object] @ http://localhost:4200/chunk-L2HFCWZ5.js:327
[    5032ms] [LOG] 🔍 [WebSocket onAny] Evento: "chat:joined" [Object] @ http://localhost:4200/chunk-L2HFCWZ5.js:327
[    5032ms] [LOG] 🔍 [WebSocket onAny] Evento: "chat:joined" [Object] @ http://localhost:4200/chunk-L2HFCWZ5.js:327
[    5033ms] [LOG] 🔍 [WebSocket onAny] Evento: "chat:joined" [Object] @ http://localhost:4200/chunk-L2HFCWZ5.js:327
[    5033ms] [LOG] 🔍 [WebSocket onAny] Evento: "chat:joined" [Object] @ http://localhost:4200/chunk-L2HFCWZ5.js:327
[    5036ms] [LOG] [UnreadMessagesService] 📥 Respuesta del servidor: [] @ http://localhost:4200/chunk-72XKYZD5.js:1731
[    5037ms] [LOG] [UnreadMessagesService] 📊 Total de mensajes no leídos: 0 @ http://localhost:4200/chunk-72XKYZD5.js:1732
[    5037ms] [LOG] [UnreadMessagesService] 🔄 Mensajes transformados: 0 @ http://localhost:4200/chunk-72XKYZD5.js:1738
[    5037ms] [LOG] [Inbox] 📊 === SINCRONIZANDO CONTADORES DE NO LEÍDOS === @ http://localhost:4200/chunk-AXZ7Z6U4.js:3649
[    5037ms] [LOG] [Inbox] 📋 Mapa de contadores recibido: {9aa3ae2d-3e70-4313-83f9-be346f6d6bbc: 0, c0b02f3e-e8ef-4244-bf02-f27e482d0dab: 0, 8249623b-cf03-44c2-8cd1-17d3f79843f2: 0, 6e6e5021-e508-40e7-b550-6ece7c289073: 0, 7b6e8d17-e95e-4238-908c-181d7e014d03: 0} @ http://localhost:4200/chunk-AXZ7Z6U4.js:3650
[    5037ms] [LOG] [Inbox] 📋 Total de chats a actualizar: 10 @ http://localhost:4200/chunk-AXZ7Z6U4.js:3652
[    5037ms] [LOG] [Inbox] ✅ Chats actualizados con nuevos contadores @ http://localhost:4200/chunk-AXZ7Z6U4.js:3663
[    5037ms] [LOG] [UnreadMessagesService] ✅ getUnreadMessages completado @ http://localhost:4200/chunk-72XKYZD5.js:1741
[    5076ms] [LOG] [UnreadMessagesService] 📥 Respuesta del servidor: [] @ http://localhost:4200/chunk-72XKYZD5.js:1731
[    5076ms] [LOG] [UnreadMessagesService] 📊 Total de mensajes no leídos: 0 @ http://localhost:4200/chunk-72XKYZD5.js:1732
[    5076ms] [LOG] [UnreadMessagesService] 🔄 Mensajes transformados: 0 @ http://localhost:4200/chunk-72XKYZD5.js:1738
[    5076ms] [LOG] [Inbox] 📊 === SINCRONIZANDO CONTADORES DE NO LEÍDOS === @ http://localhost:4200/chunk-AXZ7Z6U4.js:3649
[    5076ms] [LOG] [Inbox] 📋 Mapa de contadores recibido: {9aa3ae2d-3e70-4313-83f9-be346f6d6bbc: 0, c0b02f3e-e8ef-4244-bf02-f27e482d0dab: 0, 8249623b-cf03-44c2-8cd1-17d3f79843f2: 0, 6e6e5021-e508-40e7-b550-6ece7c289073: 0, 7b6e8d17-e95e-4238-908c-181d7e014d03: 0} @ http://localhost:4200/chunk-AXZ7Z6U4.js:3650
[    5076ms] [LOG] [Inbox] 📋 Total de chats a actualizar: 10 @ http://localhost:4200/chunk-AXZ7Z6U4.js:3652
[    5076ms] [LOG] [Inbox] ✅ Chats actualizados con nuevos contadores @ http://localhost:4200/chunk-AXZ7Z6U4.js:3663
[    5076ms] [LOG] [UnreadMessagesService] ✅ getUnreadMessages completado @ http://localhost:4200/chunk-72XKYZD5.js:1741
[    5144ms] [LOG] [UnreadMessagesService] 📥 Respuesta del servidor: [] @ http://localhost:4200/chunk-72XKYZD5.js:1731
[    5144ms] [LOG] [UnreadMessagesService] 📊 Total de mensajes no leídos: 0 @ http://localhost:4200/chunk-72XKYZD5.js:1732
[    5144ms] [LOG] [UnreadMessagesService] 🔄 Mensajes transformados: 0 @ http://localhost:4200/chunk-72XKYZD5.js:1738
[    5144ms] [LOG] [Inbox] 📊 === SINCRONIZANDO CONTADORES DE NO LEÍDOS === @ http://localhost:4200/chunk-AXZ7Z6U4.js:3649
[    5144ms] [LOG] [Inbox] 📋 Mapa de contadores recibido: {9aa3ae2d-3e70-4313-83f9-be346f6d6bbc: 0, c0b02f3e-e8ef-4244-bf02-f27e482d0dab: 0, 8249623b-cf03-44c2-8cd1-17d3f79843f2: 0, 6e6e5021-e508-40e7-b550-6ece7c289073: 0, 7b6e8d17-e95e-4238-908c-181d7e014d03: 0} @ http://localhost:4200/chunk-AXZ7Z6U4.js:3650
[    5144ms] [LOG] [Inbox] 📋 Total de chats a actualizar: 10 @ http://localhost:4200/chunk-AXZ7Z6U4.js:3652
[    5144ms] [LOG] [Inbox] ✅ Chats actualizados con nuevos contadores @ http://localhost:4200/chunk-AXZ7Z6U4.js:3663
[    5144ms] [LOG] [UnreadMessagesService] ✅ getUnreadMessages completado @ http://localhost:4200/chunk-72XKYZD5.js:1741
[    5144ms] [LOG] [UnreadMessagesService] 📥 Respuesta del servidor: [] @ http://localhost:4200/chunk-72XKYZD5.js:1731
[    5144ms] [LOG] [UnreadMessagesService] 📊 Total de mensajes no leídos: 0 @ http://localhost:4200/chunk-72XKYZD5.js:1732
[    5144ms] [LOG] [UnreadMessagesService] 🔄 Mensajes transformados: 0 @ http://localhost:4200/chunk-72XKYZD5.js:1738
[    5144ms] [LOG] [Inbox] 📊 === SINCRONIZANDO CONTADORES DE NO LEÍDOS === @ http://localhost:4200/chunk-AXZ7Z6U4.js:3649
[    5144ms] [LOG] [Inbox] 📋 Mapa de contadores recibido: {9aa3ae2d-3e70-4313-83f9-be346f6d6bbc: 0, c0b02f3e-e8ef-4244-bf02-f27e482d0dab: 0, 8249623b-cf03-44c2-8cd1-17d3f79843f2: 0, 6e6e5021-e508-40e7-b550-6ece7c289073: 0, 7b6e8d17-e95e-4238-908c-181d7e014d03: 0} @ http://localhost:4200/chunk-AXZ7Z6U4.js:3650
[    5145ms] [LOG] [Inbox] 📋 Total de chats a actualizar: 10 @ http://localhost:4200/chunk-AXZ7Z6U4.js:3652
[    5145ms] [LOG] [Inbox] ✅ Chats actualizados con nuevos contadores @ http://localhost:4200/chunk-AXZ7Z6U4.js:3663
[    5145ms] [LOG] [UnreadMessagesService] ✅ getUnreadMessages completado @ http://localhost:4200/chunk-72XKYZD5.js:1741
[    5170ms] [LOG] [UnreadMessagesService] 📥 Respuesta del servidor: [] @ http://localhost:4200/chunk-72XKYZD5.js:1731
[    5170ms] [LOG] [UnreadMessagesService] 📊 Total de mensajes no leídos: 0 @ http://localhost:4200/chunk-72XKYZD5.js:1732
[    5170ms] [LOG] [UnreadMessagesService] 🔄 Mensajes transformados: 0 @ http://localhost:4200/chunk-72XKYZD5.js:1738
[    5170ms] [LOG] [Inbox] 📊 === SINCRONIZANDO CONTADORES DE NO LEÍDOS === @ http://localhost:4200/chunk-AXZ7Z6U4.js:3649
[    5170ms] [LOG] [Inbox] 📋 Mapa de contadores recibido: {9aa3ae2d-3e70-4313-83f9-be346f6d6bbc: 0, c0b02f3e-e8ef-4244-bf02-f27e482d0dab: 0, 8249623b-cf03-44c2-8cd1-17d3f79843f2: 0, 6e6e5021-e508-40e7-b550-6ece7c289073: 0, 7b6e8d17-e95e-4238-908c-181d7e014d03: 0} @ http://localhost:4200/chunk-AXZ7Z6U4.js:3650
[    5170ms] [LOG] [Inbox] 📋 Total de chats a actualizar: 10 @ http://localhost:4200/chunk-AXZ7Z6U4.js:3652
[    5170ms] [LOG] [Inbox] ✅ Chats actualizados con nuevos contadores @ http://localhost:4200/chunk-AXZ7Z6U4.js:3663
[    5170ms] [LOG] [UnreadMessagesService] ✅ getUnreadMessages completado @ http://localhost:4200/chunk-72XKYZD5.js:1741
[    5182ms] [LOG] [UnreadMessagesService] 📥 Respuesta del servidor: [] @ http://localhost:4200/chunk-72XKYZD5.js:1731
[    5182ms] [LOG] [UnreadMessagesService] 📊 Total de mensajes no leídos: 0 @ http://localhost:4200/chunk-72XKYZD5.js:1732
[    5182ms] [LOG] [UnreadMessagesService] 🔄 Mensajes transformados: 0 @ http://localhost:4200/chunk-72XKYZD5.js:1738
[    5182ms] [LOG] [Inbox] 📊 === SINCRONIZANDO CONTADORES DE NO LEÍDOS === @ http://localhost:4200/chunk-AXZ7Z6U4.js:3649
[    5182ms] [LOG] [Inbox] 📋 Mapa de contadores recibido: {9aa3ae2d-3e70-4313-83f9-be346f6d6bbc: 0, c0b02f3e-e8ef-4244-bf02-f27e482d0dab: 0, 8249623b-cf03-44c2-8cd1-17d3f79843f2: 0, 6e6e5021-e508-40e7-b550-6ece7c289073: 0, 7b6e8d17-e95e-4238-908c-181d7e014d03: 0} @ http://localhost:4200/chunk-AXZ7Z6U4.js:3650
[    5182ms] [LOG] [Inbox] 📋 Total de chats a actualizar: 10 @ http://localhost:4200/chunk-AXZ7Z6U4.js:3652
[    5182ms] [LOG] [Inbox] ✅ Chats actualizados con nuevos contadores @ http://localhost:4200/chunk-AXZ7Z6U4.js:3663
[    5182ms] [LOG] [UnreadMessagesService] ✅ getUnreadMessages completado @ http://localhost:4200/chunk-72XKYZD5.js:1741
[    5183ms] [LOG] [UnreadMessagesService] 📥 Respuesta del servidor: [] @ http://localhost:4200/chunk-72XKYZD5.js:1731
[    5183ms] [LOG] [UnreadMessagesService] 📊 Total de mensajes no leídos: 0 @ http://localhost:4200/chunk-72XKYZD5.js:1732
[    5183ms] [LOG] [UnreadMessagesService] 🔄 Mensajes transformados: 0 @ http://localhost:4200/chunk-72XKYZD5.js:1738
[    5183ms] [LOG] [Inbox] 📊 === SINCRONIZANDO CONTADORES DE NO LEÍDOS === @ http://localhost:4200/chunk-AXZ7Z6U4.js:3649
[    5183ms] [LOG] [Inbox] 📋 Mapa de contadores recibido: {9aa3ae2d-3e70-4313-83f9-be346f6d6bbc: 0, c0b02f3e-e8ef-4244-bf02-f27e482d0dab: 0, 8249623b-cf03-44c2-8cd1-17d3f79843f2: 0, 6e6e5021-e508-40e7-b550-6ece7c289073: 0, 7b6e8d17-e95e-4238-908c-181d7e014d03: 0} @ http://localhost:4200/chunk-AXZ7Z6U4.js:3650
[    5183ms] [LOG] [Inbox] 📋 Total de chats a actualizar: 10 @ http://localhost:4200/chunk-AXZ7Z6U4.js:3652
[    5183ms] [LOG] [Inbox] ✅ Chats actualizados con nuevos contadores @ http://localhost:4200/chunk-AXZ7Z6U4.js:3663
[    5183ms] [LOG] [UnreadMessagesService] ✅ getUnreadMessages completado @ http://localhost:4200/chunk-72XKYZD5.js:1741
[    5189ms] [LOG] [UnreadMessagesService] 📥 Respuesta del servidor: [] @ http://localhost:4200/chunk-72XKYZD5.js:1731
[    5189ms] [LOG] [UnreadMessagesService] 📊 Total de mensajes no leídos: 0 @ http://localhost:4200/chunk-72XKYZD5.js:1732
[    5190ms] [LOG] [UnreadMessagesService] 🔄 Mensajes transformados: 0 @ http://localhost:4200/chunk-72XKYZD5.js:1738
[    5190ms] [LOG] [Inbox] 📊 === SINCRONIZANDO CONTADORES DE NO LEÍDOS === @ http://localhost:4200/chunk-AXZ7Z6U4.js:3649
[    5190ms] [LOG] [Inbox] 📋 Mapa de contadores recibido: {9aa3ae2d-3e70-4313-83f9-be346f6d6bbc: 0, c0b02f3e-e8ef-4244-bf02-f27e482d0dab: 0, 8249623b-cf03-44c2-8cd1-17d3f79843f2: 0, 6e6e5021-e508-40e7-b550-6ece7c289073: 0, 7b6e8d17-e95e-4238-908c-181d7e014d03: 0} @ http://localhost:4200/chunk-AXZ7Z6U4.js:3650
[    5190ms] [LOG] [Inbox] 📋 Total de chats a actualizar: 10 @ http://localhost:4200/chunk-AXZ7Z6U4.js:3652
[    5190ms] [LOG] [Inbox] ✅ Chats actualizados con nuevos contadores @ http://localhost:4200/chunk-AXZ7Z6U4.js:3663
[    5190ms] [LOG] [UnreadMessagesService] ✅ getUnreadMessages completado @ http://localhost:4200/chunk-72XKYZD5.js:1741
[    5198ms] [LOG] [UnreadMessagesService] 📥 Respuesta del servidor: [] @ http://localhost:4200/chunk-72XKYZD5.js:1731
[    5199ms] [LOG] [UnreadMessagesService] 📊 Total de mensajes no leídos: 0 @ http://localhost:4200/chunk-72XKYZD5.js:1732
[    5199ms] [LOG] [UnreadMessagesService] 🔄 Mensajes transformados: 0 @ http://localhost:4200/chunk-72XKYZD5.js:1738
[    5199ms] [LOG] [Inbox] 📊 === SINCRONIZANDO CONTADORES DE NO LEÍDOS === @ http://localhost:4200/chunk-AXZ7Z6U4.js:3649
[    5199ms] [LOG] [Inbox] 📋 Mapa de contadores recibido: {9aa3ae2d-3e70-4313-83f9-be346f6d6bbc: 0, c0b02f3e-e8ef-4244-bf02-f27e482d0dab: 0, 8249623b-cf03-44c2-8cd1-17d3f79843f2: 0, 6e6e5021-e508-40e7-b550-6ece7c289073: 0, 7b6e8d17-e95e-4238-908c-181d7e014d03: 0} @ http://localhost:4200/chunk-AXZ7Z6U4.js:3650
[    5199ms] [LOG] [Inbox] 📋 Total de chats a actualizar: 10 @ http://localhost:4200/chunk-AXZ7Z6U4.js:3652
[    5199ms] [LOG] [Inbox] ✅ Chats actualizados con nuevos contadores @ http://localhost:4200/chunk-AXZ7Z6U4.js:3663
[    5199ms] [LOG] [UnreadMessagesService] ✅ getUnreadMessages completado @ http://localhost:4200/chunk-72XKYZD5.js:1741
[    5199ms] [LOG] [UnreadMessagesService] 📥 Respuesta del servidor: [] @ http://localhost:4200/chunk-72XKYZD5.js:1731
[    5199ms] [LOG] [UnreadMessagesService] 📊 Total de mensajes no leídos: 0 @ http://localhost:4200/chunk-72XKYZD5.js:1732
[    5199ms] [LOG] [UnreadMessagesService] 🔄 Mensajes transformados: 0 @ http://localhost:4200/chunk-72XKYZD5.js:1738
[    5199ms] [LOG] [Inbox] 📊 === SINCRONIZANDO CONTADORES DE NO LEÍDOS === @ http://localhost:4200/chunk-AXZ7Z6U4.js:3649
[    5199ms] [LOG] [Inbox] 📋 Mapa de contadores recibido: {9aa3ae2d-3e70-4313-83f9-be346f6d6bbc: 0, c0b02f3e-e8ef-4244-bf02-f27e482d0dab: 0, 8249623b-cf03-44c2-8cd1-17d3f79843f2: 0, 6e6e5021-e508-40e7-b550-6ece7c289073: 0, 7b6e8d17-e95e-4238-908c-181d7e014d03: 0} @ http://localhost:4200/chunk-AXZ7Z6U4.js:3650
[    5199ms] [LOG] [Inbox] 📋 Total de chats a actualizar: 10 @ http://localhost:4200/chunk-AXZ7Z6U4.js:3652
[    5199ms] [LOG] [Inbox] ✅ Chats actualizados con nuevos contadores @ http://localhost:4200/chunk-AXZ7Z6U4.js:3663
[    5199ms] [LOG] [UnreadMessagesService] ✅ getUnreadMessages completado @ http://localhost:4200/chunk-72XKYZD5.js:1741
[    5245ms] [LOG] ═══════════════════════════════════════════════════════════ @ http://localhost:4200/chunk-L2HFCWZ5.js:162
[    5245ms] [LOG] 📋 [WebSocket] RESUMEN DE SALAS ACTIVAS @ http://localhost:4200/chunk-L2HFCWZ5.js:163
[    5245ms] [LOG] ═══════════════════════════════════════════════════════════ @ http://localhost:4200/chunk-L2HFCWZ5.js:164
[    5245ms] [LOG] 🔌 Socket conectado: true @ http://localhost:4200/chunk-L2HFCWZ5.js:165
[    5245ms] [LOG] 🆔 Socket ID: h8qD9GDpOidG3kxKAAE_ @ http://localhost:4200/chunk-L2HFCWZ5.js:166
[    5245ms] [LOG] 📊 Total de salas: 10 @ http://localhost:4200/chunk-L2HFCWZ5.js:167
[    5245ms] [LOG]  @ http://localhost:4200/chunk-L2HFCWZ5.js:168
[    5245ms] [LOG] 💬 SALAS DE CHAT: 9 @ http://localhost:4200/chunk-L2HFCWZ5.js:176
[    5245ms] [LOG]    1. chat:9aa3ae2d-3e70-4313-83f9-be346f6d6bbc @ http://localhost:4200/chunk-L2HFCWZ5.js:178
[    5245ms] [LOG]    2. chat:060bbed3-5fe1-42f5-acdf-93e4b9b7a0cc @ http://localhost:4200/chunk-L2HFCWZ5.js:178
[    5245ms] [LOG]    3. chat:c0b02f3e-e8ef-4244-bf02-f27e482d0dab @ http://localhost:4200/chunk-L2HFCWZ5.js:178
[    5245ms] [LOG]    4. chat:6e6e5021-e508-40e7-b550-6ece7c289073 @ http://localhost:4200/chunk-L2HFCWZ5.js:178
[    5245ms] [LOG]    5. chat:20ca8af2-0e17-4041-a2a5-9e72db274a00 @ http://localhost:4200/chunk-L2HFCWZ5.js:178
[    5245ms] [LOG]    6. chat:e32e80b7-52b4-41e3-8653-800a529fb849 @ http://localhost:4200/chunk-L2HFCWZ5.js:178
[    5245ms] [LOG]    7. chat:7b6e8d17-e95e-4238-908c-181d7e014d03 @ http://localhost:4200/chunk-L2HFCWZ5.js:178
[    5245ms] [LOG]    8. chat:f630dcc2-1845-4d56-9ba8-5a9e888e1328 @ http://localhost:4200/chunk-L2HFCWZ5.js:178
[    5245ms] [LOG]    9. chat:8249623b-cf03-44c2-8cd1-17d3f79843f2 @ http://localhost:4200/chunk-L2HFCWZ5.js:178
[    5245ms] [LOG]  @ http://localhost:4200/chunk-L2HFCWZ5.js:180
[    5245ms] [LOG] 👤 SALAS DE PRESENCIA: 1 @ http://localhost:4200/chunk-L2HFCWZ5.js:183
[    5245ms] [LOG]    1. commercial:840f521f-5cf6-4eff-b33d-bf5b29bb9bd2 @ http://localhost:4200/chunk-L2HFCWZ5.js:186
[    5245ms] [LOG]       🏷️  Type: commercial @ http://localhost:4200/chunk-L2HFCWZ5.js:187
[    5245ms] [LOG]       👤 User ID: 840f521f-5cf6-4eff-b33d-bf5b29bb9bd2 @ http://localhost:4200/chunk-L2HFCWZ5.js:188
[    5245ms] [LOG]  @ http://localhost:4200/chunk-L2HFCWZ5.js:190
[    5245ms] [LOG] ═══════════════════════════════════════════════════════════ @ http://localhost:4200/chunk-L2HFCWZ5.js:200
[    9745ms] [LOG] [CommercialStatusService] 📊 Estado actualizado: {previousStatus: online, newStatus: online, payloadCompleto: Object, isActive: true, lastActivity: 2026-05-16T17:45:40.967Z} @ http://localhost:4200/main.js:240
[   12087ms] [LOG] 🆔 Commercial ID: 840f521f-5cf6-4eff-b33d-bf5b29bb9bd2 @ http://localhost:4200/chunk-4QAV5XPZ.js:414
[   12087ms] [LOG] ⏱️ Duración de sesión: 7s (0min) @ http://localhost:4200/chunk-4QAV5XPZ.js:415
[   12087ms] [LOG] 📡 Beacon enviado: ✅ @ http://localhost:4200/chunk-4QAV5XPZ.js:416
[   12087ms] [LOG] 🌐 Endpoint: http://localhost:3000/api/v2/commercials/disconnect @ http://localhost:4200/chunk-4QAV5XPZ.js:417
[   12158ms] [LOG] [SessionGuardian] 👁️ Página oculta @ http://localhost:4200/chunk-724AR4ZW.js:817
[   12262ms] [LOG] [Admin AppInitializer] Cargando usuario... @ http://localhost:4201/main.js:280
[   12265ms] [LOG] [SessionGuardian] 🛡️ Inicializando protección de sesión... {inactivityRefreshMinutes: 5, inactivityExpiredMinutes: 30, heartbeatIntervalMinutes: 0, debug: true} @ http://localhost:4201/chunk-INYB5CBE.js:817
[   12265ms] [LOG] [SessionGuardian] 📡 Listener de visibilitychange configurado @ http://localhost:4201/chunk-INYB5CBE.js:817
[   12265ms] [LOG] [SessionGuardian] 📡 Listener de focus configurado @ http://localhost:4201/chunk-INYB5CBE.js:817
[   12265ms] [LOG] [SessionGuardian] ✅ Guardian inicializado correctamente @ http://localhost:4201/chunk-INYB5CBE.js:817
[   12302ms] [LOG] User fetched and stored: {sub: 840f521f-5cf6-4eff-b33d-bf5b29bb9bd2, email: adminwp@test.com, roles: Array(1), companyId: e7f55515-a427-46ed-932e-662fe7effc40, app: console} @ http://localhost:4201/chunk-INYB5CBE.js:194
[   12302ms] [LOG] [Admin AppInitializer] Usuario cargado: 840f521f-5cf6-4eff-b33d-bf5b29bb9bd2 @ http://localhost:4201/main.js:283
[   12306ms] [LOG] Auto-expansión inicial completada: [] @ http://localhost:4201/main.js:2562
[   12310ms] [LOG] Angular is running in development mode. @ http://localhost:4201/@fs/Users/rogerpugaruiz/Proyectos/guiders-frontend/.angular/cache/20.1.6/admin/vite/deps/chunk-BTKBG5QR.js?v=0babc1ea:11725
[   12339ms] [LOG] User fetched and stored: {sub: 840f521f-5cf6-4eff-b33d-bf5b29bb9bd2, email: adminwp@test.com, roles: Array(1), companyId: e7f55515-a427-46ed-932e-662fe7effc40, app: console} @ http://localhost:4201/chunk-INYB5CBE.js:194
[   12340ms] [LOG] Session ensured for user: adminwp@test.com @ http://localhost:4201/chunk-INYB5CBE.js:417
[   12340ms] [LOG] [SessionService] Programando refresh proactivo para el usuario: adminwp@test.com @ http://localhost:4201/chunk-INYB5CBE.js:447
[   12340ms] [LOG] [AuthRefreshService] Programando refresh proactivo en 232 segundos @ http://localhost:4201/chunk-INYB5CBE.js:337
[   28403ms] [LOG] [SessionGuardian] 👁️ Página oculta @ http://localhost:4201/chunk-INYB5CBE.js:817
[   28573ms] [LOG] [Admin AppInitializer] Cargando usuario... @ http://localhost:4201/main.js:281
[   28575ms] [LOG] [SessionGuardian] 🛡️ Inicializando protección de sesión... {inactivityRefreshMinutes: 5, inactivityExpiredMinutes: 30, heartbeatIntervalMinutes: 0, debug: true} @ http://localhost:4201/chunk-INYB5CBE.js:817
[   28577ms] [LOG] [SessionGuardian] 📡 Listener de visibilitychange configurado @ http://localhost:4201/chunk-INYB5CBE.js:817
[   28577ms] [LOG] [SessionGuardian] 📡 Listener de focus configurado @ http://localhost:4201/chunk-INYB5CBE.js:817
[   28578ms] [LOG] [SessionGuardian] ✅ Guardian inicializado correctamente @ http://localhost:4201/chunk-INYB5CBE.js:817
[   28666ms] [LOG] User fetched and stored: {sub: 840f521f-5cf6-4eff-b33d-bf5b29bb9bd2, email: adminwp@test.com, roles: Array(1), companyId: e7f55515-a427-46ed-932e-662fe7effc40, app: console} @ http://localhost:4201/chunk-INYB5CBE.js:194
[   28666ms] [LOG] [Admin AppInitializer] Usuario cargado: 840f521f-5cf6-4eff-b33d-bf5b29bb9bd2 @ http://localhost:4201/main.js:284
[   28676ms] [LOG] Auto-expansión inicial completada: [] @ http://localhost:4201/main.js:2563
[   28686ms] [LOG] Angular is running in development mode. @ http://localhost:4201/@fs/Users/rogerpugaruiz/Proyectos/guiders-frontend/.angular/cache/20.1.6/admin/vite/deps/chunk-BTKBG5QR.js?v=0babc1ea:11725
[   28715ms] [LOG] User fetched and stored: {sub: 840f521f-5cf6-4eff-b33d-bf5b29bb9bd2, email: adminwp@test.com, roles: Array(1), companyId: e7f55515-a427-46ed-932e-662fe7effc40, app: console} @ http://localhost:4201/chunk-INYB5CBE.js:194
[   28715ms] [LOG] Session ensured for user: adminwp@test.com @ http://localhost:4201/chunk-INYB5CBE.js:417
[   28715ms] [LOG] [SessionService] Programando refresh proactivo para el usuario: adminwp@test.com @ http://localhost:4201/chunk-INYB5CBE.js:447
[   28716ms] [LOG] [AuthRefreshService] Programando refresh proactivo en 215 segundos @ http://localhost:4201/chunk-INYB5CBE.js:337
